-------------------------------------------------------------------------------
Test set: pt.goncalo.poc.streamapi.StreamapiApplicationTests
-------------------------------------------------------------------------------
Tests run: 1, Failures: 0, Errors: 1, Skipped: 0, Time elapsed: 11.438 s <<< FAILURE! - in pt.goncalo.poc.streamapi.StreamapiApplicationTests
contextLoads  Time elapsed: 0.001 s  <<< ERROR!
java.lang.IllegalStateException: Failed to load ApplicationContext
Caused by: org.springframework.beans.factory.BeanCreationException: Error creating bean with name 'connectionFactory' defined in class path resource [org/springframework/boot/autoconfigure/r2dbc/ConnectionFactoryConfiguration$Generic.class]: Bean instantiation via factory method failed; nested exception is org.springframework.beans.BeanInstantiationException: Failed to instantiate [io.r2dbc.spi.ConnectionFactory]: Factory method 'connectionFactory' threw exception; nested exception is org.springframework.boot.autoconfigure.r2dbc.R2dbcProperties$ConnectionFactoryBeanCreationException: Failed to determine a suitable R2DBC Connection URL
Caused by: org.springframework.beans.BeanInstantiationException: Failed to instantiate [io.r2dbc.spi.ConnectionFactory]: Factory method 'connectionFactory' threw exception; nested exception is org.springframework.boot.autoconfigure.r2dbc.R2dbcProperties$ConnectionFactoryBeanCreationException: Failed to determine a suitable R2DBC Connection URL
Caused by: org.springframework.boot.autoconfigure.r2dbc.R2dbcProperties$ConnectionFactoryBeanCreationException: Failed to determine a suitable R2DBC Connection URL

