-------------------------------------------------------------------------------
Test set: pt.goncalo.poc.streamapi.StreamapiApplicationTests
-------------------------------------------------------------------------------
Tests run: 1, Failures: 0, Errors: 1, Skipped: 0, Time elapsed: 14.424 s <<< FAILURE! - in pt.goncalo.poc.streamapi.StreamapiApplicationTests
contextLoads  Time elapsed: 0.001 s  <<< ERROR!
java.lang.IllegalStateException: Failed to load ApplicationContext
Caused by: org.springframework.beans.factory.UnsatisfiedDependencyException: Error creating bean with name 'personController' defined in file [D:\codigo\poc\reactive-spring-cockroachdb\target\classes\pt\goncalo\poc\streamapi\controller\PersonController.class]: Unsatisfied dependency expressed through constructor parameter 0; nested exception is org.springframework.beans.factory.BeanCreationException: Error creating bean with name 'personRepository': Cannot resolve reference to bean 'databaseClient' while setting bean property 'databaseClient'; nested exception is org.springframework.beans.factory.UnsatisfiedDependencyException: Error creating bean with name 'org.springframework.boot.autoconfigure.data.r2dbc.R2dbcDataAutoConfiguration': Unsatisfied dependency expressed through constructor parameter 0; nested exception is org.springframework.beans.factory.BeanCreationException: Error creating bean with name 'connectionFactory' defined in class path resource [org/springframework/boot/autoconfigure/r2dbc/ConnectionFactoryConfiguration$ConnectionPoolConnectionFactoryConfiguration.class]: Bean instantiation via factory method failed; nested exception is org.springframework.beans.BeanInstantiationException: Failed to instantiate [io.r2dbc.pool.ConnectionPool]: Factory method 'connectionFactory' threw exception; nested exception is java.lang.AbstractMethodError: Receiver class io.r2dbc.postgresql.PostgresqlConnectionFactoryProvider does not define or inherit an implementation of the resolved method 'abstract java.lang.String getDriver()' of interface io.r2dbc.spi.ConnectionFactoryProvider.
Caused by: org.springframework.beans.factory.BeanCreationException: Error creating bean with name 'personRepository': Cannot resolve reference to bean 'databaseClient' while setting bean property 'databaseClient'; nested exception is org.springframework.beans.factory.UnsatisfiedDependencyException: Error creating bean with name 'org.springframework.boot.autoconfigure.data.r2dbc.R2dbcDataAutoConfiguration': Unsatisfied dependency expressed through constructor parameter 0; nested exception is org.springframework.beans.factory.BeanCreationException: Error creating bean with name 'connectionFactory' defined in class path resource [org/springframework/boot/autoconfigure/r2dbc/ConnectionFactoryConfiguration$ConnectionPoolConnectionFactoryConfiguration.class]: Bean instantiation via factory method failed; nested exception is org.springframework.beans.BeanInstantiationException: Failed to instantiate [io.r2dbc.pool.ConnectionPool]: Factory method 'connectionFactory' threw exception; nested exception is java.lang.AbstractMethodError: Receiver class io.r2dbc.postgresql.PostgresqlConnectionFactoryProvider does not define or inherit an implementation of the resolved method 'abstract java.lang.String getDriver()' of interface io.r2dbc.spi.ConnectionFactoryProvider.
Caused by: org.springframework.beans.factory.UnsatisfiedDependencyException: Error creating bean with name 'org.springframework.boot.autoconfigure.data.r2dbc.R2dbcDataAutoConfiguration': Unsatisfied dependency expressed through constructor parameter 0; nested exception is org.springframework.beans.factory.BeanCreationException: Error creating bean with name 'connectionFactory' defined in class path resource [org/springframework/boot/autoconfigure/r2dbc/ConnectionFactoryConfiguration$ConnectionPoolConnectionFactoryConfiguration.class]: Bean instantiation via factory method failed; nested exception is org.springframework.beans.BeanInstantiationException: Failed to instantiate [io.r2dbc.pool.ConnectionPool]: Factory method 'connectionFactory' threw exception; nested exception is java.lang.AbstractMethodError: Receiver class io.r2dbc.postgresql.PostgresqlConnectionFactoryProvider does not define or inherit an implementation of the resolved method 'abstract java.lang.String getDriver()' of interface io.r2dbc.spi.ConnectionFactoryProvider.
Caused by: org.springframework.beans.factory.BeanCreationException: Error creating bean with name 'connectionFactory' defined in class path resource [org/springframework/boot/autoconfigure/r2dbc/ConnectionFactoryConfiguration$ConnectionPoolConnectionFactoryConfiguration.class]: Bean instantiation via factory method failed; nested exception is org.springframework.beans.BeanInstantiationException: Failed to instantiate [io.r2dbc.pool.ConnectionPool]: Factory method 'connectionFactory' threw exception; nested exception is java.lang.AbstractMethodError: Receiver class io.r2dbc.postgresql.PostgresqlConnectionFactoryProvider does not define or inherit an implementation of the resolved method 'abstract java.lang.String getDriver()' of interface io.r2dbc.spi.ConnectionFactoryProvider.
Caused by: org.springframework.beans.BeanInstantiationException: Failed to instantiate [io.r2dbc.pool.ConnectionPool]: Factory method 'connectionFactory' threw exception; nested exception is java.lang.AbstractMethodError: Receiver class io.r2dbc.postgresql.PostgresqlConnectionFactoryProvider does not define or inherit an implementation of the resolved method 'abstract java.lang.String getDriver()' of interface io.r2dbc.spi.ConnectionFactoryProvider.
Caused by: java.lang.AbstractMethodError: Receiver class io.r2dbc.postgresql.PostgresqlConnectionFactoryProvider does not define or inherit an implementation of the resolved method 'abstract java.lang.String getDriver()' of interface io.r2dbc.spi.ConnectionFactoryProvider.

