<?xml version="1.0" encoding="UTF-8"?>
<testsuite xmlns:xsi="http://www.w3.org/2001/XMLSchema-instance" xsi:noNamespaceSchemaLocation="https://maven.apache.org/surefire/maven-surefire-plugin/xsd/surefire-test-report.xsd" name="pt.goncalo.poc.streamapi.StreamapiApplicationTests" time="14.424" tests="1" errors="1" skipped="0" failures="0">
  <properties>
[...]
</properties>
  <testcase name="contextLoads" classname="pt.goncalo.poc.streamapi.StreamapiApplicationTests" time="0.001">
    <error message="Failed to load ApplicationContext" type="java.lang.IllegalStateException">java.lang.IllegalStateException: Failed to load ApplicationContext
Caused by: org.springframework.beans.factory.UnsatisfiedDependencyException: Error creating bean with name 'personController' defined in file [D:\codigo\poc\reactive-spring-cockroachdb\target\classes\pt\goncalo\poc\streamapi\controller\PersonController.class]: Unsatisfied dependency expressed through constructor parameter 0; nested exception is org.springframework.beans.factory.BeanCreationException: Error creating bean with name 'personRepository': Cannot resolve reference to bean 'databaseClient' while setting bean property 'databaseClient'; nested exception is org.springframework.beans.factory.UnsatisfiedDependencyException: Error creating bean with name 'org.springframework.boot.autoconfigure.data.r2dbc.R2dbcDataAutoConfiguration': Unsatisfied dependency expressed through constructor parameter 0; nested exception is org.springframework.beans.factory.BeanCreationException: Error creating bean with name 'connectionFactory' defined in class path resource [org/springframework/boot/autoconfigure/r2dbc/ConnectionFactoryConfiguration$ConnectionPoolConnectionFactoryConfiguration.class]: Bean instantiation via factory method failed; nested exception is org.springframework.beans.BeanInstantiationException: Failed to instantiate [io.r2dbc.pool.ConnectionPool]: Factory method 'connectionFactory' threw exception; nested exception is java.lang.AbstractMethodError: Receiver class io.r2dbc.postgresql.PostgresqlConnectionFactoryProvider does not define or inherit an implementation of the resolved method 'abstract java.lang.String getDriver()' of interface io.r2dbc.spi.ConnectionFactoryProvider.
Caused by: org.springframework.beans.factory.BeanCreationException: Error creating bean with name 'personRepository': Cannot resolve reference to bean 'databaseClient' while setting bean property 'databaseClient'; nested exception is org.springframework.beans.factory.UnsatisfiedDependencyException: Error creating bean with name 'org.springframework.boot.autoconfigure.data.r2dbc.R2dbcDataAutoConfiguration': Unsatisfied dependency expressed through constructor parameter 0; nested exception is org.springframework.beans.factory.BeanCreationException: Error creating bean with name 'connectionFactory' defined in class path resource [org/springframework/boot/autoconfigure/r2dbc/ConnectionFactoryConfiguration$ConnectionPoolConnectionFactoryConfiguration.class]: Bean instantiation via factory method failed; nested exception is org.springframework.beans.BeanInstantiationException: Failed to instantiate [io.r2dbc.pool.ConnectionPool]: Factory method 'connectionFactory' threw exception; nested exception is java.lang.AbstractMethodError: Receiver class io.r2dbc.postgresql.PostgresqlConnectionFactoryProvider does not define or inherit an implementation of the resolved method 'abstract java.lang.String getDriver()' of interface io.r2dbc.spi.ConnectionFactoryProvider.
Caused by: org.springframework.beans.factory.UnsatisfiedDependencyException: Error creating bean with name 'org.springframework.boot.autoconfigure.data.r2dbc.R2dbcDataAutoConfiguration': Unsatisfied dependency expressed through constructor parameter 0; nested exception is org.springframework.beans.factory.BeanCreationException: Error creating bean with name 'connectionFactory' defined in class path resource [org/springframework/boot/autoconfigure/r2dbc/ConnectionFactoryConfiguration$ConnectionPoolConnectionFactoryConfiguration.class]: Bean instantiation via factory method failed; nested exception is org.springframework.beans.BeanInstantiationException: Failed to instantiate [io.r2dbc.pool.ConnectionPool]: Factory method 'connectionFactory' threw exception; nested exception is java.lang.AbstractMethodError: Receiver class io.r2dbc.postgresql.PostgresqlConnectionFactoryProvider does not define or inherit an implementation of the resolved method 'abstract java.lang.String getDriver()' of interface io.r2dbc.spi.ConnectionFactoryProvider.
Caused by: org.springframework.beans.factory.BeanCreationException: Error creating bean with name 'connectionFactory' defined in class path resource [org/springframework/boot/autoconfigure/r2dbc/ConnectionFactoryConfiguration$ConnectionPoolConnectionFactoryConfiguration.class]: Bean instantiation via factory method failed; nested exception is org.springframework.beans.BeanInstantiationException: Failed to instantiate [io.r2dbc.pool.ConnectionPool]: Factory method 'connectionFactory' threw exception; nested exception is java.lang.AbstractMethodError: Receiver class io.r2dbc.postgresql.PostgresqlConnectionFactoryProvider does not define or inherit an implementation of the resolved method 'abstract java.lang.String getDriver()' of interface io.r2dbc.spi.ConnectionFactoryProvider.
Caused by: org.springframework.beans.BeanInstantiationException: Failed to instantiate [io.r2dbc.pool.ConnectionPool]: Factory method 'connectionFactory' threw exception; nested exception is java.lang.AbstractMethodError: Receiver class io.r2dbc.postgresql.PostgresqlConnectionFactoryProvider does not define or inherit an implementation of the resolved method 'abstract java.lang.String getDriver()' of interface io.r2dbc.spi.ConnectionFactoryProvider.
Caused by: java.lang.AbstractMethodError: Receiver class io.r2dbc.postgresql.PostgresqlConnectionFactoryProvider does not define or inherit an implementation of the resolved method 'abstract java.lang.String getDriver()' of interface io.r2dbc.spi.ConnectionFactoryProvider.
</error>
    <system-out><![CDATA[18:51:10.530 [main] DEBUG org.springframework.test.context.BootstrapUtils - Instantiating CacheAwareContextLoaderDelegate from class [org.springframework.test.context.cache.DefaultCacheAwareContextLoaderDelegate]
18:51:10.553 [main] DEBUG org.springframework.test.context.BootstrapUtils - Instantiating BootstrapContext using constructor [public org.springframework.test.context.support.DefaultBootstrapContext(java.lang.Class,org.springframework.test.context.CacheAwareContextLoaderDelegate)]
18:51:10.600 [main] DEBUG org.springframework.test.context.BootstrapUtils - Instantiating TestContextBootstrapper for test class [pt.goncalo.poc.streamapi.StreamapiApplicationTests] from class [org.springframework.boot.test.context.SpringBootTestContextBootstrapper]
18:51:10.626 [main] INFO org.springframework.boot.test.context.SpringBootTestContextBootstrapper - Neither @ContextConfiguration nor @ContextHierarchy found for test class [pt.goncalo.poc.streamapi.StreamapiApplicationTests], using SpringBootContextLoader
18:51:10.634 [main] DEBUG org.springframework.test.context.support.AbstractContextLoader - Did not detect default resource location for test class [pt.goncalo.poc.streamapi.StreamapiApplicationTests]: class path resource [pt/goncalo/poc/streamapi/StreamapiApplicationTests-context.xml] does not exist
18:51:10.634 [main] DEBUG org.springframework.test.context.support.AbstractContextLoader - Did not detect default resource location for test class [pt.goncalo.poc.streamapi.StreamapiApplicationTests]: class path resource [pt/goncalo/poc/streamapi/StreamapiApplicationTestsContext.groovy] does not exist
18:51:10.635 [main] INFO org.springframework.test.context.support.AbstractContextLoader - Could not detect default resource locations for test class [pt.goncalo.poc.streamapi.StreamapiApplicationTests]: no resource found for suffixes {-context.xml, Context.groovy}.
18:51:10.636 [main] INFO org.springframework.test.context.support.AnnotationConfigContextLoaderUtils - Could not detect default configuration classes for test class [pt.goncalo.poc.streamapi.StreamapiApplicationTests]: StreamapiApplicationTests does not declare any static, non-private, non-final, nested classes annotated with @Configuration.
18:51:10.704 [main] DEBUG org.springframework.test.context.support.ActiveProfilesUtils - Could not find an 'annotation declaring class' for annotation type [org.springframework.test.context.ActiveProfiles] and class [pt.goncalo.poc.streamapi.StreamapiApplicationTests]
18:51:10.804 [main] DEBUG org.springframework.context.annotation.ClassPathScanningCandidateComponentProvider - Identified candidate component class: file [D:\codigo\poc\reactive-spring-cockroachdb\target\classes\pt\goncalo\poc\streamapi\StreamapiApplication.class]
18:51:10.808 [main] INFO org.springframework.boot.test.context.SpringBootTestContextBootstrapper - Found @SpringBootConfiguration pt.goncalo.poc.streamapi.StreamapiApplication for test class pt.goncalo.poc.streamapi.StreamapiApplicationTests
18:51:10.970 [main] DEBUG org.springframework.boot.test.context.SpringBootTestContextBootstrapper - @TestExecutionListeners is not present for class [pt.goncalo.poc.streamapi.StreamapiApplicationTests]: using defaults.
18:51:10.971 [main] INFO org.springframework.boot.test.context.SpringBootTestContextBootstrapper - Loaded default TestExecutionListener class names from location [META-INF/spring.factories]: [org.springframework.boot.test.mock.mockito.MockitoTestExecutionListener, org.springframework.boot.test.mock.mockito.ResetMocksTestExecutionListener, org.springframework.boot.test.autoconfigure.restdocs.RestDocsTestExecutionListener, org.springframework.boot.test.autoconfigure.web.client.MockRestServiceServerResetTestExecutionListener, org.springframework.boot.test.autoconfigure.web.servlet.MockMvcPrintOnlyOnFailureTestExecutionListener, org.springframework.boot.test.autoconfigure.web.servlet.WebDriverTestExecutionListener, org.springframework.test.context.web.ServletTestExecutionListener, org.springframework.test.context.support.DirtiesContextBeforeModesTestExecutionListener, org.springframework.test.context.support.DependencyInjectionTestExecutionListener, org.springframework.test.context.support.DirtiesContextTestExecutionListener, org.springframework.test.context.transaction.TransactionalTestExecutionListener, org.springframework.test.context.jdbc.SqlScriptsTestExecutionListener, org.springframework.test.context.event.EventPublishingTestExecutionListener]
18:51:10.981 [main] DEBUG org.springframework.boot.test.context.SpringBootTestContextBootstrapper - Skipping candidate TestExecutionListener [org.springframework.test.context.web.ServletTestExecutionListener] due to a missing dependency. Specify custom listener classes or make the default listener classes and their required dependencies available. Offending class: [javax/servlet/ServletContext]
18:51:10.991 [main] INFO org.springframework.boot.test.context.SpringBootTestContextBootstrapper - Using TestExecutionListeners: [org.springframework.test.context.support.DirtiesContextBeforeModesTestExecutionListener@37052337, org.springframework.boot.test.mock.mockito.MockitoTestExecutionListener@2320fa6f, org.springframework.boot.test.autoconfigure.SpringBootDependencyInjectionTestExecutionListener@7a560583, org.springframework.test.context.support.DirtiesContextTestExecutionListener@4d722ac9, org.springframework.test.context.transaction.TransactionalTestExecutionListener@53f0a4cb, org.springframework.test.context.jdbc.SqlScriptsTestExecutionListener@77a7cf58, org.springframework.test.context.event.EventPublishingTestExecutionListener@3d97a632, org.springframework.boot.test.mock.mockito.ResetMocksTestExecutionListener@616fe72b, org.springframework.boot.test.autoconfigure.restdocs.RestDocsTestExecutionListener@37efd131, org.springframework.boot.test.autoconfigure.web.client.MockRestServiceServerResetTestExecutionListener@7e7b159b, org.springframework.boot.test.autoconfigure.web.servlet.MockMvcPrintOnlyOnFailureTestExecutionListener@7e5d9a50, org.springframework.boot.test.autoconfigure.web.servlet.WebDriverTestExecutionListener@60957c0f]
18:51:10.998 [main] DEBUG org.springframework.test.context.support.AbstractDirtiesContextTestExecutionListener - Before test class: context [DefaultTestContext@708400f6 testClass = StreamapiApplicationTests, testInstance = [null], testMethod = [null], testException = [null], mergedContextConfiguration = [ReactiveWebMergedContextConfiguration@5829e4f4 testClass = StreamapiApplicationTests, locations = '{}', classes = '{class pt.goncalo.poc.streamapi.StreamapiApplication}', contextInitializerClasses = '[]', activeProfiles = '{}', propertySourceLocations = '{}', propertySourceProperties = '{org.springframework.boot.test.context.SpringBootTestContextBootstrapper=true}', contextCustomizers = set[org.springframework.boot.test.context.filter.ExcludeFilterContextCustomizer@2f666ebb, org.springframework.boot.test.json.DuplicateJsonObjectContextCustomizerFactory$DuplicateJsonObjectContextCustomizer@4b2c5e02, org.springframework.boot.test.mock.mockito.MockitoContextCustomizer@0, org.springframework.boot.test.web.client.TestRestTemplateContextCustomizer@2bec854f, org.springframework.boot.test.web.reactive.server.WebTestClientContextCustomizer@7bf3a5d8, org.springframework.boot.test.autoconfigure.properties.PropertyMappingContextCustomizer@0, org.springframework.boot.test.autoconfigure.web.servlet.WebDriverContextCustomizerFactory$Customizer@3e44f2a5], contextLoader = 'org.springframework.boot.test.context.SpringBootContextLoader', parent = [null]], attributes = map[[empty]]], class annotated with @DirtiesContext [false] with mode [null].
18:51:11.019 [main] DEBUG org.springframework.test.context.support.DependencyInjectionTestExecutionListener - Performing dependency injection for test context [[DefaultTestContext@708400f6 testClass = StreamapiApplicationTests, testInstance = pt.goncalo.poc.streamapi.StreamapiApplicationTests@13e547a9, testMethod = [null], testException = [null], mergedContextConfiguration = [ReactiveWebMergedContextConfiguration@5829e4f4 testClass = StreamapiApplicationTests, locations = '{}', classes = '{class pt.goncalo.poc.streamapi.StreamapiApplication}', contextInitializerClasses = '[]', activeProfiles = '{}', propertySourceLocations = '{}', propertySourceProperties = '{org.springframework.boot.test.context.SpringBootTestContextBootstrapper=true}', contextCustomizers = set[org.springframework.boot.test.context.filter.ExcludeFilterContextCustomizer@2f666ebb, org.springframework.boot.test.json.DuplicateJsonObjectContextCustomizerFactory$DuplicateJsonObjectContextCustomizer@4b2c5e02, org.springframework.boot.test.mock.mockito.MockitoContextCustomizer@0, org.springframework.boot.test.web.client.TestRestTemplateContextCustomizer@2bec854f, org.springframework.boot.test.web.reactive.server.WebTestClientContextCustomizer@7bf3a5d8, org.springframework.boot.test.autoconfigure.properties.PropertyMappingContextCustomizer@0, org.springframework.boot.test.autoconfigure.web.servlet.WebDriverContextCustomizerFactory$Customizer@3e44f2a5], contextLoader = 'org.springframework.boot.test.context.SpringBootContextLoader', parent = [null]], attributes = map[[empty]]]].
18:51:11.071 [main] DEBUG org.springframework.test.context.support.TestPropertySourceUtils - Adding inlined properties to environment: {spring.jmx.enabled=false, org.springframework.boot.test.context.SpringBootTestContextBootstrapper=true, server.port=-1}

  .   ____          _            __ _ _
 /\\ / ___'_ __ _ _(_)_ __  __ _ \ \ \ \
( ( )\___ | '_ | '_| | '_ \/ _` | \ \ \ \
 \\/  ___)| |_)| | | | | || (_| |  ) ) ) )
  '  |____| .__|_| |_|_| |_\__, | / / / /
 =========|_|==============|___/=/_/_/_/
 :: Spring Boot ::        (v2.2.1.RELEASE)

2019-12-05 18:51:11.613  INFO 21716 --- [           main] p.g.p.s.StreamapiApplicationTests        : Starting StreamapiApplicationTests on PT-L160559 with PID 21716 (started by silvagc in D:\codigo\poc\reactive-spring-cockroachdb)
2019-12-05 18:51:11.615  INFO 21716 --- [           main] p.g.p.s.StreamapiApplicationTests        : No active profile set, falling back to default profiles: default
2019-12-05 18:51:12.607  INFO 21716 --- [           main] .s.d.r.c.RepositoryConfigurationDelegate : Bootstrapping Spring Data repositories in DEFAULT mode.
2019-12-05 18:51:12.806  INFO 21716 --- [           main] .s.d.r.c.RepositoryConfigurationDelegate : Finished Spring Data repository scanning in 191ms. Found 1 repository interfaces.
2019-12-05 18:51:13.354  WARN 21716 --- [           main] r.c.GenericReactiveWebApplicationContext : Exception encountered during context initialization - cancelling refresh attempt: org.springframework.beans.factory.UnsatisfiedDependencyException: Error creating bean with name 'personController' defined in file [D:\codigo\poc\reactive-spring-cockroachdb\target\classes\pt\goncalo\poc\streamapi\controller\PersonController.class]: Unsatisfied dependency expressed through constructor parameter 0; nested exception is org.springframework.beans.factory.BeanCreationException: Error creating bean with name 'personRepository': Cannot resolve reference to bean 'databaseClient' while setting bean property 'databaseClient'; nested exception is org.springframework.beans.factory.UnsatisfiedDependencyException: Error creating bean with name 'org.springframework.boot.autoconfigure.data.r2dbc.R2dbcDataAutoConfiguration': Unsatisfied dependency expressed through constructor parameter 0; nested exception is org.springframework.beans.factory.BeanCreationException: Error creating bean with name 'connectionFactory' defined in class path resource [org/springframework/boot/autoconfigure/r2dbc/ConnectionFactoryConfiguration$ConnectionPoolConnectionFactoryConfiguration.class]: Bean instantiation via factory method failed; nested exception is org.springframework.beans.BeanInstantiationException: Failed to instantiate [io.r2dbc.pool.ConnectionPool]: Factory method 'connectionFactory' threw exception; nested exception is java.lang.AbstractMethodError: Receiver class io.r2dbc.postgresql.PostgresqlConnectionFactoryProvider does not define or inherit an implementation of the resolved method 'abstract java.lang.String getDriver()' of interface io.r2dbc.spi.ConnectionFactoryProvider.
2019-12-05 18:51:13.363  INFO 21716 --- [           main] ConditionEvaluationReportLoggingListener : 

Error starting ApplicationContext. To display the conditions report re-run your application with 'debug' enabled.
2019-12-05 18:51:13.372 ERROR 21716 --- [           main] o.s.boot.SpringApplication               : Application run failed

org.springframework.beans.factory.UnsatisfiedDependencyException: Error creating bean with name 'personController' defined in file [D:\codigo\poc\reactive-spring-cockroachdb\target\classes\pt\goncalo\poc\streamapi\controller\PersonController.class]: Unsatisfied dependency expressed through constructor parameter 0; nested exception is org.springframework.beans.factory.BeanCreationException: Error creating bean with name 'personRepository': Cannot resolve reference to bean 'databaseClient' while setting bean property 'databaseClient'; nested exception is org.springframework.beans.factory.UnsatisfiedDependencyException: Error creating bean with name 'org.springframework.boot.autoconfigure.data.r2dbc.R2dbcDataAutoConfiguration': Unsatisfied dependency expressed through constructor parameter 0; nested exception is org.springframework.beans.factory.BeanCreationException: Error creating bean with name 'connectionFactory' defined in class path resource [org/springframework/boot/autoconfigure/r2dbc/ConnectionFactoryConfiguration$ConnectionPoolConnectionFactoryConfiguration.class]: Bean instantiation via factory method failed; nested exception is org.springframework.beans.BeanInstantiationException: Failed to instantiate [io.r2dbc.pool.ConnectionPool]: Factory method 'connectionFactory' threw exception; nested exception is java.lang.AbstractMethodError: Receiver class io.r2dbc.postgresql.PostgresqlConnectionFactoryProvider does not define or inherit an implementation of the resolved method 'abstract java.lang.String getDriver()' of interface io.r2dbc.spi.ConnectionFactoryProvider.
	at org.springframework.beans.factory.support.ConstructorResolver.createArgumentArray(ConstructorResolver.java:787) ~[spring-beans-5.2.1.RELEASE.jar:5.2.1.RELEASE]
	at org.springframework.beans.factory.support.ConstructorResolver.autowireConstructor(ConstructorResolver.java:226) ~[spring-beans-5.2.1.RELEASE.jar:5.2.1.RELEASE]
	at org.springframework.beans.factory.support.AbstractAutowireCapableBeanFactory.autowireConstructor(AbstractAutowireCapableBeanFactory.java:1358) ~[spring-beans-5.2.1.RELEASE.jar:5.2.1.RELEASE]
	at org.springframework.beans.factory.support.AbstractAutowireCapableBeanFactory.createBeanInstance(AbstractAutowireCapableBeanFactory.java:1204) ~[spring-beans-5.2.1.RELEASE.jar:5.2.1.RELEASE]
	at org.springframework.beans.factory.support.AbstractAutowireCapableBeanFactory.doCreateBean(AbstractAutowireCapableBeanFactory.java:557) ~[spring-beans-5.2.1.RELEASE.jar:5.2.1.RELEASE]
	at org.springframework.beans.factory.support.AbstractAutowireCapableBeanFactory.createBean(AbstractAutowireCapableBeanFactory.java:517) ~[spring-beans-5.2.1.RELEASE.jar:5.2.1.RELEASE]
	at org.springframework.beans.factory.support.AbstractBeanFactory.lambda$doGetBean$0(AbstractBeanFactory.java:323) ~[spring-beans-5.2.1.RELEASE.jar:5.2.1.RELEASE]
	at org.springframework.beans.factory.support.DefaultSingletonBeanRegistry.getSingleton(DefaultSingletonBeanRegistry.java:222) ~[spring-beans-5.2.1.RELEASE.jar:5.2.1.RELEASE]
	at org.springframework.beans.factory.support.AbstractBeanFactory.doGetBean(AbstractBeanFactory.java:321) ~[spring-beans-5.2.1.RELEASE.jar:5.2.1.RELEASE]
	at org.springframework.beans.factory.support.AbstractBeanFactory.getBean(AbstractBeanFactory.java:202) ~[spring-beans-5.2.1.RELEASE.jar:5.2.1.RELEASE]
	at org.springframework.beans.factory.support.DefaultListableBeanFactory.preInstantiateSingletons(DefaultListableBeanFactory.java:879) ~[spring-beans-5.2.1.RELEASE.jar:5.2.1.RELEASE]
	at org.springframework.context.support.AbstractApplicationContext.finishBeanFactoryInitialization(AbstractApplicationContext.java:878) ~[spring-context-5.2.1.RELEASE.jar:5.2.1.RELEASE]
	at org.springframework.context.support.AbstractApplicationContext.refresh(AbstractApplicationContext.java:550) ~[spring-context-5.2.1.RELEASE.jar:5.2.1.RELEASE]
	at org.springframework.boot.SpringApplication.refresh(SpringApplication.java:747) ~[spring-boot-2.2.1.RELEASE.jar:2.2.1.RELEASE]
	at org.springframework.boot.SpringApplication.refreshContext(SpringApplication.java:397) ~[spring-boot-2.2.1.RELEASE.jar:2.2.1.RELEASE]
	at org.springframework.boot.SpringApplication.run(SpringApplication.java:315) ~[spring-boot-2.2.1.RELEASE.jar:2.2.1.RELEASE]
	at org.springframework.boot.test.context.SpringBootContextLoader.loadContext(SpringBootContextLoader.java:125) ~[spring-boot-test-2.2.1.RELEASE.jar:2.2.1.RELEASE]
	at org.springframework.test.context.cache.DefaultCacheAwareContextLoaderDelegate.loadContextInternal(DefaultCacheAwareContextLoaderDelegate.java:99) ~[spring-test-5.2.1.RELEASE.jar:5.2.1.RELEASE]
	at org.springframework.test.context.cache.DefaultCacheAwareContextLoaderDelegate.loadContext(DefaultCacheAwareContextLoaderDelegate.java:124) ~[spring-test-5.2.1.RELEASE.jar:5.2.1.RELEASE]
	at org.springframework.test.context.support.DefaultTestContext.getApplicationContext(DefaultTestContext.java:123) ~[spring-test-5.2.1.RELEASE.jar:5.2.1.RELEASE]
	at org.springframework.test.context.support.DependencyInjectionTestExecutionListener.injectDependencies(DependencyInjectionTestExecutionListener.java:118) ~[spring-test-5.2.1.RELEASE.jar:5.2.1.RELEASE]
	at org.springframework.test.context.support.DependencyInjectionTestExecutionListener.prepareTestInstance(DependencyInjectionTestExecutionListener.java:83) ~[spring-test-5.2.1.RELEASE.jar:5.2.1.RELEASE]
	at org.springframework.boot.test.autoconfigure.SpringBootDependencyInjectionTestExecutionListener.prepareTestInstance(SpringBootDependencyInjectionTestExecutionListener.java:43) ~[spring-boot-test-autoconfigure-2.2.1.RELEASE.jar:2.2.1.RELEASE]
	at org.springframework.test.context.TestContextManager.prepareTestInstance(TestContextManager.java:244) ~[spring-test-5.2.1.RELEASE.jar:5.2.1.RELEASE]
	at org.springframework.test.context.junit.jupiter.SpringExtension.postProcessTestInstance(SpringExtension.java:98) ~[spring-test-5.2.1.RELEASE.jar:5.2.1.RELEASE]
	at org.junit.jupiter.engine.descriptor.ClassBasedTestDescriptor.lambda$invokeTestInstancePostProcessors$5(ClassBasedTestDescriptor.java:337) ~[junit-jupiter-engine-5.5.2.jar:5.5.2]
	at org.junit.jupiter.engine.descriptor.ClassBasedTestDescriptor.executeAndMaskThrowable(ClassBasedTestDescriptor.java:342) ~[junit-jupiter-engine-5.5.2.jar:5.5.2]
	at org.junit.jupiter.engine.descriptor.ClassBasedTestDescriptor.lambda$invokeTestInstancePostProcessors$6(ClassBasedTestDescriptor.java:337) ~[junit-jupiter-engine-5.5.2.jar:5.5.2]
	at java.base/java.util.stream.ReferencePipeline$3$1.accept(ReferencePipeline.java:195) ~[na:na]
	at java.base/java.util.stream.ReferencePipeline$2$1.accept(ReferencePipeline.java:177) ~[na:na]
	at java.base/java.util.ArrayList$ArrayListSpliterator.forEachRemaining(ArrayList.java:1654) ~[na:na]
	at java.base/java.util.stream.AbstractPipeline.copyInto(AbstractPipeline.java:484) ~[na:na]
	at java.base/java.util.stream.AbstractPipeline.wrapAndCopyInto(AbstractPipeline.java:474) ~[na:na]
	at java.base/java.util.stream.StreamSpliterators$WrappingSpliterator.forEachRemaining(StreamSpliterators.java:312) ~[na:na]
	at java.base/java.util.stream.Streams$ConcatSpliterator.forEachRemaining(Streams.java:735) ~[na:na]
	at java.base/java.util.stream.Streams$ConcatSpliterator.forEachRemaining(Streams.java:734) ~[na:na]
	at java.base/java.util.stream.ReferencePipeline$Head.forEach(ReferencePipeline.java:658) ~[na:na]
	at org.junit.jupiter.engine.descriptor.ClassBasedTestDescriptor.invokeTestInstancePostProcessors(ClassBasedTestDescriptor.java:336) ~[junit-jupiter-engine-5.5.2.jar:5.5.2]
	at org.junit.jupiter.engine.descriptor.ClassBasedTestDescriptor.instantiateAndPostProcessTestInstance(ClassBasedTestDescriptor.java:259) ~[junit-jupiter-engine-5.5.2.jar:5.5.2]
	at org.junit.jupiter.engine.descriptor.ClassBasedTestDescriptor.lambda$testInstancesProvider$2(ClassBasedTestDescriptor.java:252) ~[junit-jupiter-engine-5.5.2.jar:5.5.2]
	at java.base/java.util.Optional.orElseGet(Optional.java:369) ~[na:na]
	at org.junit.jupiter.engine.descriptor.ClassBasedTestDescriptor.lambda$testInstancesProvider$3(ClassBasedTestDescriptor.java:251) ~[junit-jupiter-engine-5.5.2.jar:5.5.2]
	at org.junit.jupiter.engine.execution.TestInstancesProvider.getTestInstances(TestInstancesProvider.java:29) ~[junit-jupiter-engine-5.5.2.jar:5.5.2]
	at org.junit.jupiter.engine.descriptor.TestMethodTestDescriptor.lambda$prepare$0(TestMethodTestDescriptor.java:106) ~[junit-jupiter-engine-5.5.2.jar:5.5.2]
	at org.junit.platform.engine.support.hierarchical.ThrowableCollector.execute(ThrowableCollector.java:73) ~[junit-platform-engine-1.5.2.jar:1.5.2]
	at org.junit.jupiter.engine.descriptor.TestMethodTestDescriptor.prepare(TestMethodTestDescriptor.java:105) ~[junit-jupiter-engine-5.5.2.jar:5.5.2]
	at org.junit.jupiter.engine.descriptor.TestMethodTestDescriptor.prepare(TestMethodTestDescriptor.java:69) ~[junit-jupiter-engine-5.5.2.jar:5.5.2]
	at org.junit.platform.engine.support.hierarchical.NodeTestTask.lambda$prepare$1(NodeTestTask.java:107) ~[junit-platform-engine-1.5.2.jar:1.5.2]
	at org.junit.platform.engine.support.hierarchical.ThrowableCollector.execute(ThrowableCollector.java:73) ~[junit-platform-engine-1.5.2.jar:1.5.2]
	at org.junit.platform.engine.support.hierarchical.NodeTestTask.prepare(NodeTestTask.java:107) ~[junit-platform-engine-1.5.2.jar:1.5.2]
	at org.junit.platform.engine.support.hierarchical.NodeTestTask.execute(NodeTestTask.java:75) ~[junit-platform-engine-1.5.2.jar:1.5.2]
	at java.base/java.util.ArrayList.forEach(ArrayList.java:1540) ~[na:na]
	at org.junit.platform.engine.support.hierarchical.SameThreadHierarchicalTestExecutorService.invokeAll(SameThreadHierarchicalTestExecutorService.java:38) ~[junit-platform-engine-1.5.2.jar:1.5.2]
	at org.junit.platform.engine.support.hierarchical.NodeTestTask.lambda$executeRecursively$5(NodeTestTask.java:139) ~[junit-platform-engine-1.5.2.jar:1.5.2]
	at org.junit.platform.engine.support.hierarchical.ThrowableCollector.execute(ThrowableCollector.java:73) ~[junit-platform-engine-1.5.2.jar:1.5.2]
	at org.junit.platform.engine.support.hierarchical.NodeTestTask.lambda$executeRecursively$7(NodeTestTask.java:125) ~[junit-platform-engine-1.5.2.jar:1.5.2]
	at org.junit.platform.engine.support.hierarchical.Node.around(Node.java:135) ~[junit-platform-engine-1.5.2.jar:1.5.2]
	at org.junit.platform.engine.support.hierarchical.NodeTestTask.lambda$executeRecursively$8(NodeTestTask.java:123) ~[junit-platform-engine-1.5.2.jar:1.5.2]
	at org.junit.platform.engine.support.hierarchical.ThrowableCollector.execute(ThrowableCollector.java:73) ~[junit-platform-engine-1.5.2.jar:1.5.2]
	at org.junit.platform.engine.support.hierarchical.NodeTestTask.executeRecursively(NodeTestTask.java:122) ~[junit-platform-engine-1.5.2.jar:1.5.2]
	at org.junit.platform.engine.support.hierarchical.NodeTestTask.execute(NodeTestTask.java:80) ~[junit-platform-engine-1.5.2.jar:1.5.2]
	at java.base/java.util.ArrayList.forEach(ArrayList.java:1540) ~[na:na]
	at org.junit.platform.engine.support.hierarchical.SameThreadHierarchicalTestExecutorService.invokeAll(SameThreadHierarchicalTestExecutorService.java:38) ~[junit-platform-engine-1.5.2.jar:1.5.2]
	at org.junit.platform.engine.support.hierarchical.NodeTestTask.lambda$executeRecursively$5(NodeTestTask.java:139) ~[junit-platform-engine-1.5.2.jar:1.5.2]
	at org.junit.platform.engine.support.hierarchical.ThrowableCollector.execute(ThrowableCollector.java:73) ~[junit-platform-engine-1.5.2.jar:1.5.2]
	at org.junit.platform.engine.support.hierarchical.NodeTestTask.lambda$executeRecursively$7(NodeTestTask.java:125) ~[junit-platform-engine-1.5.2.jar:1.5.2]
	at org.junit.platform.engine.support.hierarchical.Node.around(Node.java:135) ~[junit-platform-engine-1.5.2.jar:1.5.2]
	at org.junit.platform.engine.support.hierarchical.NodeTestTask.lambda$executeRecursively$8(NodeTestTask.java:123) ~[junit-platform-engine-1.5.2.jar:1.5.2]
	at org.junit.platform.engine.support.hierarchical.ThrowableCollector.execute(ThrowableCollector.java:73) ~[junit-platform-engine-1.5.2.jar:1.5.2]
	at org.junit.platform.engine.support.hierarchical.NodeTestTask.executeRecursively(NodeTestTask.java:122) ~[junit-platform-engine-1.5.2.jar:1.5.2]
	at org.junit.platform.engine.support.hierarchical.NodeTestTask.execute(NodeTestTask.java:80) ~[junit-platform-engine-1.5.2.jar:1.5.2]
	at org.junit.platform.engine.support.hierarchical.SameThreadHierarchicalTestExecutorService.submit(SameThreadHierarchicalTestExecutorService.java:32) ~[junit-platform-engine-1.5.2.jar:1.5.2]
	at org.junit.platform.engine.support.hierarchical.HierarchicalTestExecutor.execute(HierarchicalTestExecutor.java:57) ~[junit-platform-engine-1.5.2.jar:1.5.2]
	at org.junit.platform.engine.support.hierarchical.HierarchicalTestEngine.execute(HierarchicalTestEngine.java:51) ~[junit-platform-engine-1.5.2.jar:1.5.2]
	at org.junit.platform.launcher.core.DefaultLauncher.execute(DefaultLauncher.java:220) ~[junit-platform-launcher-1.3.1.jar:1.3.1]
	at org.junit.platform.launcher.core.DefaultLauncher.lambda$execute$6(DefaultLauncher.java:188) ~[junit-platform-launcher-1.3.1.jar:1.3.1]
	at org.junit.platform.launcher.core.DefaultLauncher.withInterceptedStreams(DefaultLauncher.java:202) ~[junit-platform-launcher-1.3.1.jar:1.3.1]
	at org.junit.platform.launcher.core.DefaultLauncher.execute(DefaultLauncher.java:181) ~[junit-platform-launcher-1.3.1.jar:1.3.1]
	at org.junit.platform.launcher.core.DefaultLauncher.execute(DefaultLauncher.java:128) ~[junit-platform-launcher-1.3.1.jar:1.3.1]
	at org.apache.maven.surefire.junitplatform.JUnitPlatformProvider.invokeAllTests(JUnitPlatformProvider.java:150) ~[surefire-junit-platform-2.22.2.jar:2.22.2]
	at org.apache.maven.surefire.junitplatform.JUnitPlatformProvider.invoke(JUnitPlatformProvider.java:124) ~[surefire-junit-platform-2.22.2.jar:2.22.2]
	at org.apache.maven.surefire.booter.ForkedBooter.invokeProviderInSameClassLoader(ForkedBooter.java:384) ~[surefire-booter-2.22.2.jar:2.22.2]
	at org.apache.maven.surefire.booter.ForkedBooter.runSuitesInProcess(ForkedBooter.java:345) ~[surefire-booter-2.22.2.jar:2.22.2]
	at org.apache.maven.surefire.booter.ForkedBooter.execute(ForkedBooter.java:126) ~[surefire-booter-2.22.2.jar:2.22.2]
	at org.apache.maven.surefire.booter.ForkedBooter.main(ForkedBooter.java:418) ~[surefire-booter-2.22.2.jar:2.22.2]
Caused by: org.springframework.beans.factory.BeanCreationException: Error creating bean with name 'personRepository': Cannot resolve reference to bean 'databaseClient' while setting bean property 'databaseClient'; nested exception is org.springframework.beans.factory.UnsatisfiedDependencyException: Error creating bean with name 'org.springframework.boot.autoconfigure.data.r2dbc.R2dbcDataAutoConfiguration': Unsatisfied dependency expressed through constructor parameter 0; nested exception is org.springframework.beans.factory.BeanCreationException: Error creating bean with name 'connectionFactory' defined in class path resource [org/springframework/boot/autoconfigure/r2dbc/ConnectionFactoryConfiguration$ConnectionPoolConnectionFactoryConfiguration.class]: Bean instantiation via factory method failed; nested exception is org.springframework.beans.BeanInstantiationException: Failed to instantiate [io.r2dbc.pool.ConnectionPool]: Factory method 'connectionFactory' threw exception; nested exception is java.lang.AbstractMethodError: Receiver class io.r2dbc.postgresql.PostgresqlConnectionFactoryProvider does not define or inherit an implementation of the resolved method 'abstract java.lang.String getDriver()' of interface io.r2dbc.spi.ConnectionFactoryProvider.
	at org.springframework.beans.factory.support.BeanDefinitionValueResolver.resolveReference(BeanDefinitionValueResolver.java:342) ~[spring-beans-5.2.1.RELEASE.jar:5.2.1.RELEASE]
	at org.springframework.beans.factory.support.BeanDefinitionValueResolver.resolveValueIfNecessary(BeanDefinitionValueResolver.java:113) ~[spring-beans-5.2.1.RELEASE.jar:5.2.1.RELEASE]
	at org.springframework.beans.factory.support.AbstractAutowireCapableBeanFactory.applyPropertyValues(AbstractAutowireCapableBeanFactory.java:1706) ~[spring-beans-5.2.1.RELEASE.jar:5.2.1.RELEASE]
	at org.springframework.beans.factory.support.AbstractAutowireCapableBeanFactory.populateBean(AbstractAutowireCapableBeanFactory.java:1451) ~[spring-beans-5.2.1.RELEASE.jar:5.2.1.RELEASE]
	at org.springframework.beans.factory.support.AbstractAutowireCapableBeanFactory.doCreateBean(AbstractAutowireCapableBeanFactory.java:594) ~[spring-beans-5.2.1.RELEASE.jar:5.2.1.RELEASE]
	at org.springframework.beans.factory.support.AbstractAutowireCapableBeanFactory.createBean(AbstractAutowireCapableBeanFactory.java:517) ~[spring-beans-5.2.1.RELEASE.jar:5.2.1.RELEASE]
	at org.springframework.beans.factory.support.AbstractBeanFactory.lambda$doGetBean$0(AbstractBeanFactory.java:323) ~[spring-beans-5.2.1.RELEASE.jar:5.2.1.RELEASE]
	at org.springframework.beans.factory.support.DefaultSingletonBeanRegistry.getSingleton(DefaultSingletonBeanRegistry.java:222) ~[spring-beans-5.2.1.RELEASE.jar:5.2.1.RELEASE]
	at org.springframework.beans.factory.support.AbstractBeanFactory.doGetBean(AbstractBeanFactory.java:321) ~[spring-beans-5.2.1.RELEASE.jar:5.2.1.RELEASE]
	at org.springframework.beans.factory.support.AbstractBeanFactory.getBean(AbstractBeanFactory.java:202) ~[spring-beans-5.2.1.RELEASE.jar:5.2.1.RELEASE]
	at org.springframework.beans.factory.config.DependencyDescriptor.resolveCandidate(DependencyDescriptor.java:276) ~[spring-beans-5.2.1.RELEASE.jar:5.2.1.RELEASE]
	at org.springframework.beans.factory.support.DefaultListableBeanFactory.doResolveDependency(DefaultListableBeanFactory.java:1287) ~[spring-beans-5.2.1.RELEASE.jar:5.2.1.RELEASE]
	at org.springframework.beans.factory.support.DefaultListableBeanFactory.resolveDependency(DefaultListableBeanFactory.java:1207) ~[spring-beans-5.2.1.RELEASE.jar:5.2.1.RELEASE]
	at org.springframework.beans.factory.support.ConstructorResolver.resolveAutowiredArgument(ConstructorResolver.java:874) ~[spring-beans-5.2.1.RELEASE.jar:5.2.1.RELEASE]
	at org.springframework.beans.factory.support.ConstructorResolver.createArgumentArray(ConstructorResolver.java:778) ~[spring-beans-5.2.1.RELEASE.jar:5.2.1.RELEASE]
	... 84 common frames omitted
Caused by: org.springframework.beans.factory.UnsatisfiedDependencyException: Error creating bean with name 'org.springframework.boot.autoconfigure.data.r2dbc.R2dbcDataAutoConfiguration': Unsatisfied dependency expressed through constructor parameter 0; nested exception is org.springframework.beans.factory.BeanCreationException: Error creating bean with name 'connectionFactory' defined in class path resource [org/springframework/boot/autoconfigure/r2dbc/ConnectionFactoryConfiguration$ConnectionPoolConnectionFactoryConfiguration.class]: Bean instantiation via factory method failed; nested exception is org.springframework.beans.BeanInstantiationException: Failed to instantiate [io.r2dbc.pool.ConnectionPool]: Factory method 'connectionFactory' threw exception; nested exception is java.lang.AbstractMethodError: Receiver class io.r2dbc.postgresql.PostgresqlConnectionFactoryProvider does not define or inherit an implementation of the resolved method 'abstract java.lang.String getDriver()' of interface io.r2dbc.spi.ConnectionFactoryProvider.
	at org.springframework.beans.factory.support.ConstructorResolver.createArgumentArray(ConstructorResolver.java:787) ~[spring-beans-5.2.1.RELEASE.jar:5.2.1.RELEASE]
	at org.springframework.beans.factory.support.ConstructorResolver.autowireConstructor(ConstructorResolver.java:226) ~[spring-beans-5.2.1.RELEASE.jar:5.2.1.RELEASE]
	at org.springframework.beans.factory.support.AbstractAutowireCapableBeanFactory.autowireConstructor(AbstractAutowireCapableBeanFactory.java:1358) ~[spring-beans-5.2.1.RELEASE.jar:5.2.1.RELEASE]
	at org.springframework.beans.factory.support.AbstractAutowireCapableBeanFactory.createBeanInstance(AbstractAutowireCapableBeanFactory.java:1204) ~[spring-beans-5.2.1.RELEASE.jar:5.2.1.RELEASE]
	at org.springframework.beans.factory.support.AbstractAutowireCapableBeanFactory.doCreateBean(AbstractAutowireCapableBeanFactory.java:557) ~[spring-beans-5.2.1.RELEASE.jar:5.2.1.RELEASE]
	at org.springframework.beans.factory.support.AbstractAutowireCapableBeanFactory.createBean(AbstractAutowireCapableBeanFactory.java:517) ~[spring-beans-5.2.1.RELEASE.jar:5.2.1.RELEASE]
	at org.springframework.beans.factory.support.AbstractBeanFactory.lambda$doGetBean$0(AbstractBeanFactory.java:323) ~[spring-beans-5.2.1.RELEASE.jar:5.2.1.RELEASE]
	at org.springframework.beans.factory.support.DefaultSingletonBeanRegistry.getSingleton(DefaultSingletonBeanRegistry.java:222) ~[spring-beans-5.2.1.RELEASE.jar:5.2.1.RELEASE]
	at org.springframework.beans.factory.support.AbstractBeanFactory.doGetBean(AbstractBeanFactory.java:321) ~[spring-beans-5.2.1.RELEASE.jar:5.2.1.RELEASE]
	at org.springframework.beans.factory.support.AbstractBeanFactory.getBean(AbstractBeanFactory.java:202) ~[spring-beans-5.2.1.RELEASE.jar:5.2.1.RELEASE]
	at org.springframework.beans.factory.support.ConstructorResolver.instantiateUsingFactoryMethod(ConstructorResolver.java:400) ~[spring-beans-5.2.1.RELEASE.jar:5.2.1.RELEASE]
	at org.springframework.beans.factory.support.AbstractAutowireCapableBeanFactory.instantiateUsingFactoryMethod(AbstractAutowireCapableBeanFactory.java:1338) ~[spring-beans-5.2.1.RELEASE.jar:5.2.1.RELEASE]
	at org.springframework.beans.factory.support.AbstractAutowireCapableBeanFactory.createBeanInstance(AbstractAutowireCapableBeanFactory.java:1177) ~[spring-beans-5.2.1.RELEASE.jar:5.2.1.RELEASE]
	at org.springframework.beans.factory.support.AbstractAutowireCapableBeanFactory.doCreateBean(AbstractAutowireCapableBeanFactory.java:557) ~[spring-beans-5.2.1.RELEASE.jar:5.2.1.RELEASE]
	at org.springframework.beans.factory.support.AbstractAutowireCapableBeanFactory.createBean(AbstractAutowireCapableBeanFactory.java:517) ~[spring-beans-5.2.1.RELEASE.jar:5.2.1.RELEASE]
	at org.springframework.beans.factory.support.AbstractBeanFactory.lambda$doGetBean$0(AbstractBeanFactory.java:323) ~[spring-beans-5.2.1.RELEASE.jar:5.2.1.RELEASE]
	at org.springframework.beans.factory.support.DefaultSingletonBeanRegistry.getSingleton(DefaultSingletonBeanRegistry.java:222) ~[spring-beans-5.2.1.RELEASE.jar:5.2.1.RELEASE]
	at org.springframework.beans.factory.support.AbstractBeanFactory.doGetBean(AbstractBeanFactory.java:321) ~[spring-beans-5.2.1.RELEASE.jar:5.2.1.RELEASE]
	at org.springframework.beans.factory.support.AbstractBeanFactory.getBean(AbstractBeanFactory.java:202) ~[spring-beans-5.2.1.RELEASE.jar:5.2.1.RELEASE]
	at org.springframework.beans.factory.support.BeanDefinitionValueResolver.resolveReference(BeanDefinitionValueResolver.java:330) ~[spring-beans-5.2.1.RELEASE.jar:5.2.1.RELEASE]
	... 98 common frames omitted
Caused by: org.springframework.beans.factory.BeanCreationException: Error creating bean with name 'connectionFactory' defined in class path resource [org/springframework/boot/autoconfigure/r2dbc/ConnectionFactoryConfiguration$ConnectionPoolConnectionFactoryConfiguration.class]: Bean instantiation via factory method failed; nested exception is org.springframework.beans.BeanInstantiationException: Failed to instantiate [io.r2dbc.pool.ConnectionPool]: Factory method 'connectionFactory' threw exception; nested exception is java.lang.AbstractMethodError: Receiver class io.r2dbc.postgresql.PostgresqlConnectionFactoryProvider does not define or inherit an implementation of the resolved method 'abstract java.lang.String getDriver()' of interface io.r2dbc.spi.ConnectionFactoryProvider.
	at org.springframework.beans.factory.support.ConstructorResolver.instantiate(ConstructorResolver.java:645) ~[spring-beans-5.2.1.RELEASE.jar:5.2.1.RELEASE]
	at org.springframework.beans.factory.support.ConstructorResolver.instantiateUsingFactoryMethod(ConstructorResolver.java:625) ~[spring-beans-5.2.1.RELEASE.jar:5.2.1.RELEASE]
	at org.springframework.beans.factory.support.AbstractAutowireCapableBeanFactory.instantiateUsingFactoryMethod(AbstractAutowireCapableBeanFactory.java:1338) ~[spring-beans-5.2.1.RELEASE.jar:5.2.1.RELEASE]
	at org.springframework.beans.factory.support.AbstractAutowireCapableBeanFactory.createBeanInstance(AbstractAutowireCapableBeanFactory.java:1177) ~[spring-beans-5.2.1.RELEASE.jar:5.2.1.RELEASE]
	at org.springframework.beans.factory.support.AbstractAutowireCapableBeanFactory.doCreateBean(AbstractAutowireCapableBeanFactory.java:557) ~[spring-beans-5.2.1.RELEASE.jar:5.2.1.RELEASE]
	at org.springframework.beans.factory.support.AbstractAutowireCapableBeanFactory.createBean(AbstractAutowireCapableBeanFactory.java:517) ~[spring-beans-5.2.1.RELEASE.jar:5.2.1.RELEASE]
	at org.springframework.beans.factory.support.AbstractBeanFactory.lambda$doGetBean$0(AbstractBeanFactory.java:323) ~[spring-beans-5.2.1.RELEASE.jar:5.2.1.RELEASE]
	at org.springframework.beans.factory.support.DefaultSingletonBeanRegistry.getSingleton(DefaultSingletonBeanRegistry.java:222) ~[spring-beans-5.2.1.RELEASE.jar:5.2.1.RELEASE]
	at org.springframework.beans.factory.support.AbstractBeanFactory.doGetBean(AbstractBeanFactory.java:321) ~[spring-beans-5.2.1.RELEASE.jar:5.2.1.RELEASE]
	at org.springframework.beans.factory.support.AbstractBeanFactory.getBean(AbstractBeanFactory.java:202) ~[spring-beans-5.2.1.RELEASE.jar:5.2.1.RELEASE]
	at org.springframework.beans.factory.config.DependencyDescriptor.resolveCandidate(DependencyDescriptor.java:276) ~[spring-beans-5.2.1.RELEASE.jar:5.2.1.RELEASE]
	at org.springframework.beans.factory.support.DefaultListableBeanFactory.doResolveDependency(DefaultListableBeanFactory.java:1287) ~[spring-beans-5.2.1.RELEASE.jar:5.2.1.RELEASE]
	at org.springframework.beans.factory.support.DefaultListableBeanFactory.resolveDependency(DefaultListableBeanFactory.java:1207) ~[spring-beans-5.2.1.RELEASE.jar:5.2.1.RELEASE]
	at org.springframework.beans.factory.support.ConstructorResolver.resolveAutowiredArgument(ConstructorResolver.java:874) ~[spring-beans-5.2.1.RELEASE.jar:5.2.1.RELEASE]
	at org.springframework.beans.factory.support.ConstructorResolver.createArgumentArray(ConstructorResolver.java:778) ~[spring-beans-5.2.1.RELEASE.jar:5.2.1.RELEASE]
	... 117 common frames omitted
Caused by: org.springframework.beans.BeanInstantiationException: Failed to instantiate [io.r2dbc.pool.ConnectionPool]: Factory method 'connectionFactory' threw exception; nested exception is java.lang.AbstractMethodError: Receiver class io.r2dbc.postgresql.PostgresqlConnectionFactoryProvider does not define or inherit an implementation of the resolved method 'abstract java.lang.String getDriver()' of interface io.r2dbc.spi.ConnectionFactoryProvider.
	at org.springframework.beans.factory.support.SimpleInstantiationStrategy.instantiate(SimpleInstantiationStrategy.java:185) ~[spring-beans-5.2.1.RELEASE.jar:5.2.1.RELEASE]
	at org.springframework.beans.factory.support.ConstructorResolver.instantiate(ConstructorResolver.java:640) ~[spring-beans-5.2.1.RELEASE.jar:5.2.1.RELEASE]
	... 131 common frames omitted
Caused by: java.lang.AbstractMethodError: Receiver class io.r2dbc.postgresql.PostgresqlConnectionFactoryProvider does not define or inherit an implementation of the resolved method 'abstract java.lang.String getDriver()' of interface io.r2dbc.spi.ConnectionFactoryProvider.
	at io.r2dbc.spi.ConnectionFactories.getAvailableDrivers(ConnectionFactories.java:109) ~[r2dbc-spi-0.8.0.RC2.jar:0.8.0.RC2]
	at io.r2dbc.spi.ConnectionFactories.get(ConnectionFactories.java:77) ~[r2dbc-spi-0.8.0.RC2.jar:0.8.0.RC2]
	at org.springframework.boot.autoconfigure.r2dbc.ConnectionFactoryBuilder.build(ConnectionFactoryBuilder.java:112) ~[spring-boot-autoconfigure-r2dbc-0.1.0.M2.jar:na]
	at org.springframework.boot.autoconfigure.r2dbc.ConnectionFactoryConfiguration$ConnectionPoolConnectionFactoryConfiguration.connectionFactory(ConnectionFactoryConfiguration.java:44) ~[spring-boot-autoconfigure-r2dbc-0.1.0.M2.jar:na]
	at org.springframework.boot.autoconfigure.r2dbc.ConnectionFactoryConfiguration$ConnectionPoolConnectionFactoryConfiguration$$EnhancerBySpringCGLIB$$f00eb2e5.CGLIB$connectionFactory$0(<generated>) ~[spring-boot-autoconfigure-r2dbc-0.1.0.M2.jar:na]
	at org.springframework.boot.autoconfigure.r2dbc.ConnectionFactoryConfiguration$ConnectionPoolConnectionFactoryConfiguration$$EnhancerBySpringCGLIB$$f00eb2e5$$FastClassBySpringCGLIB$$2bebc94f.invoke(<generated>) ~[spring-boot-autoconfigure-r2dbc-0.1.0.M2.jar:na]
	at org.springframework.cglib.proxy.MethodProxy.invokeSuper(MethodProxy.java:244) ~[spring-core-5.2.1.RELEASE.jar:5.2.1.RELEASE]
	at org.springframework.context.annotation.ConfigurationClassEnhancer$BeanMethodInterceptor.intercept(ConfigurationClassEnhancer.java:363) ~[spring-context-5.2.1.RELEASE.jar:5.2.1.RELEASE]
	at org.springframework.boot.autoconfigure.r2dbc.ConnectionFactoryConfiguration$ConnectionPoolConnectionFactoryConfiguration$$EnhancerBySpringCGLIB$$f00eb2e5.connectionFactory(<generated>) ~[spring-boot-autoconfigure-r2dbc-0.1.0.M2.jar:na]
	at java.base/jdk.internal.reflect.NativeMethodAccessorImpl.invoke0(Native Method) ~[na:na]
	at java.base/jdk.internal.reflect.NativeMethodAccessorImpl.invoke(NativeMethodAccessorImpl.java:62) ~[na:na]
	at java.base/jdk.internal.reflect.DelegatingMethodAccessorImpl.invoke(DelegatingMethodAccessorImpl.java:43) ~[na:na]
	at java.base/java.lang.reflect.Method.invoke(Method.java:566) ~[na:na]
	at org.springframework.beans.factory.support.SimpleInstantiationStrategy.instantiate(SimpleInstantiationStrategy.java:154) ~[spring-beans-5.2.1.RELEASE.jar:5.2.1.RELEASE]
	... 132 common frames omitted


  .   ____          _            __ _ _
 /\\ / ___'_ __ _ _(_)_ __  __ _ \ \ \ \
( ( )\___ | '_ | '_| | '_ \/ _` | \ \ \ \
 \\/  ___)| |_)| | | | | || (_| |  ) ) ) )
  '  |____| .__|_| |_|_| |_\__, | / / / /
 =========|_|==============|___/=/_/_/_/
 :: Spring Boot ::        (v2.2.1.RELEASE)

2019-12-05 18:51:13.447  INFO 21716 --- [           main] p.g.p.s.StreamapiApplicationTests        : Starting StreamapiApplicationTests on PT-L160559 with PID 21716 (started by silvagc in D:\codigo\poc\reactive-spring-cockroachdb)
2019-12-05 18:51:13.448  INFO 21716 --- [           main] p.g.p.s.StreamapiApplicationTests        : No active profile set, falling back to default profiles: default
2019-12-05 18:51:13.749  INFO 21716 --- [           main] .s.d.r.c.RepositoryConfigurationDelegate : Bootstrapping Spring Data repositories in DEFAULT mode.
2019-12-05 18:51:13.769  INFO 21716 --- [           main] .s.d.r.c.RepositoryConfigurationDelegate : Finished Spring Data repository scanning in 19ms. Found 1 repository interfaces.
2019-12-05 18:51:14.009  WARN 21716 --- [           main] r.c.GenericReactiveWebApplicationContext : Exception encountered during context initialization - cancelling refresh attempt: org.springframework.beans.factory.UnsatisfiedDependencyException: Error creating bean with name 'personController' defined in file [D:\codigo\poc\reactive-spring-cockroachdb\target\classes\pt\goncalo\poc\streamapi\controller\PersonController.class]: Unsatisfied dependency expressed through constructor parameter 0; nested exception is org.springframework.beans.factory.BeanCreationException: Error creating bean with name 'personRepository': Cannot resolve reference to bean 'databaseClient' while setting bean property 'databaseClient'; nested exception is org.springframework.beans.factory.UnsatisfiedDependencyException: Error creating bean with name 'org.springframework.boot.autoconfigure.data.r2dbc.R2dbcDataAutoConfiguration': Unsatisfied dependency expressed through constructor parameter 0; nested exception is org.springframework.beans.factory.BeanCreationException: Error creating bean with name 'connectionFactory' defined in class path resource [org/springframework/boot/autoconfigure/r2dbc/ConnectionFactoryConfiguration$ConnectionPoolConnectionFactoryConfiguration.class]: Bean instantiation via factory method failed; nested exception is org.springframework.beans.BeanInstantiationException: Failed to instantiate [io.r2dbc.pool.ConnectionPool]: Factory method 'connectionFactory' threw exception; nested exception is java.lang.AbstractMethodError: Receiver class io.r2dbc.postgresql.PostgresqlConnectionFactoryProvider does not define or inherit an implementation of the resolved method 'abstract java.lang.String getDriver()' of interface io.r2dbc.spi.ConnectionFactoryProvider.
2019-12-05 18:51:14.012  INFO 21716 --- [           main] ConditionEvaluationReportLoggingListener : 

Error starting ApplicationContext. To display the conditions report re-run your application with 'debug' enabled.
2019-12-05 18:51:14.017 ERROR 21716 --- [           main] o.s.boot.SpringApplication               : Application run failed

org.springframework.beans.factory.UnsatisfiedDependencyException: Error creating bean with name 'personController' defined in file [D:\codigo\poc\reactive-spring-cockroachdb\target\classes\pt\goncalo\poc\streamapi\controller\PersonController.class]: Unsatisfied dependency expressed through constructor parameter 0; nested exception is org.springframework.beans.factory.BeanCreationException: Error creating bean with name 'personRepository': Cannot resolve reference to bean 'databaseClient' while setting bean property 'databaseClient'; nested exception is org.springframework.beans.factory.UnsatisfiedDependencyException: Error creating bean with name 'org.springframework.boot.autoconfigure.data.r2dbc.R2dbcDataAutoConfiguration': Unsatisfied dependency expressed through constructor parameter 0; nested exception is org.springframework.beans.factory.BeanCreationException: Error creating bean with name 'connectionFactory' defined in class path resource [org/springframework/boot/autoconfigure/r2dbc/ConnectionFactoryConfiguration$ConnectionPoolConnectionFactoryConfiguration.class]: Bean instantiation via factory method failed; nested exception is org.springframework.beans.BeanInstantiationException: Failed to instantiate [io.r2dbc.pool.ConnectionPool]: Factory method 'connectionFactory' threw exception; nested exception is java.lang.AbstractMethodError: Receiver class io.r2dbc.postgresql.PostgresqlConnectionFactoryProvider does not define or inherit an implementation of the resolved method 'abstract java.lang.String getDriver()' of interface io.r2dbc.spi.ConnectionFactoryProvider.
	at org.springframework.beans.factory.support.ConstructorResolver.createArgumentArray(ConstructorResolver.java:787) ~[spring-beans-5.2.1.RELEASE.jar:5.2.1.RELEASE]
	at org.springframework.beans.factory.support.ConstructorResolver.autowireConstructor(ConstructorResolver.java:226) ~[spring-beans-5.2.1.RELEASE.jar:5.2.1.RELEASE]
	at org.springframework.beans.factory.support.AbstractAutowireCapableBeanFactory.autowireConstructor(AbstractAutowireCapableBeanFactory.java:1358) ~[spring-beans-5.2.1.RELEASE.jar:5.2.1.RELEASE]
	at org.springframework.beans.factory.support.AbstractAutowireCapableBeanFactory.createBeanInstance(AbstractAutowireCapableBeanFactory.java:1204) ~[spring-beans-5.2.1.RELEASE.jar:5.2.1.RELEASE]
	at org.springframework.beans.factory.support.AbstractAutowireCapableBeanFactory.doCreateBean(AbstractAutowireCapableBeanFactory.java:557) ~[spring-beans-5.2.1.RELEASE.jar:5.2.1.RELEASE]
	at org.springframework.beans.factory.support.AbstractAutowireCapableBeanFactory.createBean(AbstractAutowireCapableBeanFactory.java:517) ~[spring-beans-5.2.1.RELEASE.jar:5.2.1.RELEASE]
	at org.springframework.beans.factory.support.AbstractBeanFactory.lambda$doGetBean$0(AbstractBeanFactory.java:323) ~[spring-beans-5.2.1.RELEASE.jar:5.2.1.RELEASE]
	at org.springframework.beans.factory.support.DefaultSingletonBeanRegistry.getSingleton(DefaultSingletonBeanRegistry.java:222) ~[spring-beans-5.2.1.RELEASE.jar:5.2.1.RELEASE]
	at org.springframework.beans.factory.support.AbstractBeanFactory.doGetBean(AbstractBeanFactory.java:321) ~[spring-beans-5.2.1.RELEASE.jar:5.2.1.RELEASE]
	at org.springframework.beans.factory.support.AbstractBeanFactory.getBean(AbstractBeanFactory.java:202) ~[spring-beans-5.2.1.RELEASE.jar:5.2.1.RELEASE]
	at org.springframework.beans.factory.support.DefaultListableBeanFactory.preInstantiateSingletons(DefaultListableBeanFactory.java:879) ~[spring-beans-5.2.1.RELEASE.jar:5.2.1.RELEASE]
	at org.springframework.context.support.AbstractApplicationContext.finishBeanFactoryInitialization(AbstractApplicationContext.java:878) ~[spring-context-5.2.1.RELEASE.jar:5.2.1.RELEASE]
	at org.springframework.context.support.AbstractApplicationContext.refresh(AbstractApplicationContext.java:550) ~[spring-context-5.2.1.RELEASE.jar:5.2.1.RELEASE]
	at org.springframework.boot.SpringApplication.refresh(SpringApplication.java:747) ~[spring-boot-2.2.1.RELEASE.jar:2.2.1.RELEASE]
	at org.springframework.boot.SpringApplication.refreshContext(SpringApplication.java:397) ~[spring-boot-2.2.1.RELEASE.jar:2.2.1.RELEASE]
	at org.springframework.boot.SpringApplication.run(SpringApplication.java:315) ~[spring-boot-2.2.1.RELEASE.jar:2.2.1.RELEASE]
	at org.springframework.boot.test.context.SpringBootContextLoader.loadContext(SpringBootContextLoader.java:125) ~[spring-boot-test-2.2.1.RELEASE.jar:2.2.1.RELEASE]
	at org.springframework.test.context.cache.DefaultCacheAwareContextLoaderDelegate.loadContextInternal(DefaultCacheAwareContextLoaderDelegate.java:99) ~[spring-test-5.2.1.RELEASE.jar:5.2.1.RELEASE]
	at org.springframework.test.context.cache.DefaultCacheAwareContextLoaderDelegate.loadContext(DefaultCacheAwareContextLoaderDelegate.java:124) ~[spring-test-5.2.1.RELEASE.jar:5.2.1.RELEASE]
	at org.springframework.test.context.support.DefaultTestContext.getApplicationContext(DefaultTestContext.java:123) ~[spring-test-5.2.1.RELEASE.jar:5.2.1.RELEASE]
	at org.springframework.boot.test.autoconfigure.SpringBootDependencyInjectionTestExecutionListener.outputConditionEvaluationReport(SpringBootDependencyInjectionTestExecutionListener.java:53) ~[spring-boot-test-autoconfigure-2.2.1.RELEASE.jar:2.2.1.RELEASE]
	at org.springframework.boot.test.autoconfigure.SpringBootDependencyInjectionTestExecutionListener.prepareTestInstance(SpringBootDependencyInjectionTestExecutionListener.java:46) ~[spring-boot-test-autoconfigure-2.2.1.RELEASE.jar:2.2.1.RELEASE]
	at org.springframework.test.context.TestContextManager.prepareTestInstance(TestContextManager.java:244) ~[spring-test-5.2.1.RELEASE.jar:5.2.1.RELEASE]
	at org.springframework.test.context.junit.jupiter.SpringExtension.postProcessTestInstance(SpringExtension.java:98) ~[spring-test-5.2.1.RELEASE.jar:5.2.1.RELEASE]
	at org.junit.jupiter.engine.descriptor.ClassBasedTestDescriptor.lambda$invokeTestInstancePostProcessors$5(ClassBasedTestDescriptor.java:337) ~[junit-jupiter-engine-5.5.2.jar:5.5.2]
	at org.junit.jupiter.engine.descriptor.ClassBasedTestDescriptor.executeAndMaskThrowable(ClassBasedTestDescriptor.java:342) ~[junit-jupiter-engine-5.5.2.jar:5.5.2]
	at org.junit.jupiter.engine.descriptor.ClassBasedTestDescriptor.lambda$invokeTestInstancePostProcessors$6(ClassBasedTestDescriptor.java:337) ~[junit-jupiter-engine-5.5.2.jar:5.5.2]
	at java.base/java.util.stream.ReferencePipeline$3$1.accept(ReferencePipeline.java:195) ~[na:na]
	at java.base/java.util.stream.ReferencePipeline$2$1.accept(ReferencePipeline.java:177) ~[na:na]
	at java.base/java.util.ArrayList$ArrayListSpliterator.forEachRemaining(ArrayList.java:1654) ~[na:na]
	at java.base/java.util.stream.AbstractPipeline.copyInto(AbstractPipeline.java:484) ~[na:na]
	at java.base/java.util.stream.AbstractPipeline.wrapAndCopyInto(AbstractPipeline.java:474) ~[na:na]
	at java.base/java.util.stream.StreamSpliterators$WrappingSpliterator.forEachRemaining(StreamSpliterators.java:312) ~[na:na]
	at java.base/java.util.stream.Streams$ConcatSpliterator.forEachRemaining(Streams.java:735) ~[na:na]
	at java.base/java.util.stream.Streams$ConcatSpliterator.forEachRemaining(Streams.java:734) ~[na:na]
	at java.base/java.util.stream.ReferencePipeline$Head.forEach(ReferencePipeline.java:658) ~[na:na]
	at org.junit.jupiter.engine.descriptor.ClassBasedTestDescriptor.invokeTestInstancePostProcessors(ClassBasedTestDescriptor.java:336) ~[junit-jupiter-engine-5.5.2.jar:5.5.2]
	at org.junit.jupiter.engine.descriptor.ClassBasedTestDescriptor.instantiateAndPostProcessTestInstance(ClassBasedTestDescriptor.java:259) ~[junit-jupiter-engine-5.5.2.jar:5.5.2]
	at org.junit.jupiter.engine.descriptor.ClassBasedTestDescriptor.lambda$testInstancesProvider$2(ClassBasedTestDescriptor.java:252) ~[junit-jupiter-engine-5.5.2.jar:5.5.2]
	at java.base/java.util.Optional.orElseGet(Optional.java:369) ~[na:na]
	at org.junit.jupiter.engine.descriptor.ClassBasedTestDescriptor.lambda$testInstancesProvider$3(ClassBasedTestDescriptor.java:251) ~[junit-jupiter-engine-5.5.2.jar:5.5.2]
	at org.junit.jupiter.engine.execution.TestInstancesProvider.getTestInstances(TestInstancesProvider.java:29) ~[junit-jupiter-engine-5.5.2.jar:5.5.2]
	at org.junit.jupiter.engine.descriptor.TestMethodTestDescriptor.lambda$prepare$0(TestMethodTestDescriptor.java:106) ~[junit-jupiter-engine-5.5.2.jar:5.5.2]
	at org.junit.platform.engine.support.hierarchical.ThrowableCollector.execute(ThrowableCollector.java:73) ~[junit-platform-engine-1.5.2.jar:1.5.2]
	at org.junit.jupiter.engine.descriptor.TestMethodTestDescriptor.prepare(TestMethodTestDescriptor.java:105) ~[junit-jupiter-engine-5.5.2.jar:5.5.2]
	at org.junit.jupiter.engine.descriptor.TestMethodTestDescriptor.prepare(TestMethodTestDescriptor.java:69) ~[junit-jupiter-engine-5.5.2.jar:5.5.2]
	at org.junit.platform.engine.support.hierarchical.NodeTestTask.lambda$prepare$1(NodeTestTask.java:107) ~[junit-platform-engine-1.5.2.jar:1.5.2]
	at org.junit.platform.engine.support.hierarchical.ThrowableCollector.execute(ThrowableCollector.java:73) ~[junit-platform-engine-1.5.2.jar:1.5.2]
	at org.junit.platform.engine.support.hierarchical.NodeTestTask.prepare(NodeTestTask.java:107) ~[junit-platform-engine-1.5.2.jar:1.5.2]
	at org.junit.platform.engine.support.hierarchical.NodeTestTask.execute(NodeTestTask.java:75) ~[junit-platform-engine-1.5.2.jar:1.5.2]
	at java.base/java.util.ArrayList.forEach(ArrayList.java:1540) ~[na:na]
	at org.junit.platform.engine.support.hierarchical.SameThreadHierarchicalTestExecutorService.invokeAll(SameThreadHierarchicalTestExecutorService.java:38) ~[junit-platform-engine-1.5.2.jar:1.5.2]
	at org.junit.platform.engine.support.hierarchical.NodeTestTask.lambda$executeRecursively$5(NodeTestTask.java:139) ~[junit-platform-engine-1.5.2.jar:1.5.2]
	at org.junit.platform.engine.support.hierarchical.ThrowableCollector.execute(ThrowableCollector.java:73) ~[junit-platform-engine-1.5.2.jar:1.5.2]
	at org.junit.platform.engine.support.hierarchical.NodeTestTask.lambda$executeRecursively$7(NodeTestTask.java:125) ~[junit-platform-engine-1.5.2.jar:1.5.2]
	at org.junit.platform.engine.support.hierarchical.Node.around(Node.java:135) ~[junit-platform-engine-1.5.2.jar:1.5.2]
	at org.junit.platform.engine.support.hierarchical.NodeTestTask.lambda$executeRecursively$8(NodeTestTask.java:123) ~[junit-platform-engine-1.5.2.jar:1.5.2]
	at org.junit.platform.engine.support.hierarchical.ThrowableCollector.execute(ThrowableCollector.java:73) ~[junit-platform-engine-1.5.2.jar:1.5.2]
	at org.junit.platform.engine.support.hierarchical.NodeTestTask.executeRecursively(NodeTestTask.java:122) ~[junit-platform-engine-1.5.2.jar:1.5.2]
	at org.junit.platform.engine.support.hierarchical.NodeTestTask.execute(NodeTestTask.java:80) ~[junit-platform-engine-1.5.2.jar:1.5.2]
	at java.base/java.util.ArrayList.forEach(ArrayList.java:1540) ~[na:na]
	at org.junit.platform.engine.support.hierarchical.SameThreadHierarchicalTestExecutorService.invokeAll(SameThreadHierarchicalTestExecutorService.java:38) ~[junit-platform-engine-1.5.2.jar:1.5.2]
	at org.junit.platform.engine.support.hierarchical.NodeTestTask.lambda$executeRecursively$5(NodeTestTask.java:139) ~[junit-platform-engine-1.5.2.jar:1.5.2]
	at org.junit.platform.engine.support.hierarchical.ThrowableCollector.execute(ThrowableCollector.java:73) ~[junit-platform-engine-1.5.2.jar:1.5.2]
	at org.junit.platform.engine.support.hierarchical.NodeTestTask.lambda$executeRecursively$7(NodeTestTask.java:125) ~[junit-platform-engine-1.5.2.jar:1.5.2]
	at org.junit.platform.engine.support.hierarchical.Node.around(Node.java:135) ~[junit-platform-engine-1.5.2.jar:1.5.2]
	at org.junit.platform.engine.support.hierarchical.NodeTestTask.lambda$executeRecursively$8(NodeTestTask.java:123) ~[junit-platform-engine-1.5.2.jar:1.5.2]
	at org.junit.platform.engine.support.hierarchical.ThrowableCollector.execute(ThrowableCollector.java:73) ~[junit-platform-engine-1.5.2.jar:1.5.2]
	at org.junit.platform.engine.support.hierarchical.NodeTestTask.executeRecursively(NodeTestTask.java:122) ~[junit-platform-engine-1.5.2.jar:1.5.2]
	at org.junit.platform.engine.support.hierarchical.NodeTestTask.execute(NodeTestTask.java:80) ~[junit-platform-engine-1.5.2.jar:1.5.2]
	at org.junit.platform.engine.support.hierarchical.SameThreadHierarchicalTestExecutorService.submit(SameThreadHierarchicalTestExecutorService.java:32) ~[junit-platform-engine-1.5.2.jar:1.5.2]
	at org.junit.platform.engine.support.hierarchical.HierarchicalTestExecutor.execute(HierarchicalTestExecutor.java:57) ~[junit-platform-engine-1.5.2.jar:1.5.2]
	at org.junit.platform.engine.support.hierarchical.HierarchicalTestEngine.execute(HierarchicalTestEngine.java:51) ~[junit-platform-engine-1.5.2.jar:1.5.2]
	at org.junit.platform.launcher.core.DefaultLauncher.execute(DefaultLauncher.java:220) ~[junit-platform-launcher-1.3.1.jar:1.3.1]
	at org.junit.platform.launcher.core.DefaultLauncher.lambda$execute$6(DefaultLauncher.java:188) ~[junit-platform-launcher-1.3.1.jar:1.3.1]
	at org.junit.platform.launcher.core.DefaultLauncher.withInterceptedStreams(DefaultLauncher.java:202) ~[junit-platform-launcher-1.3.1.jar:1.3.1]
	at org.junit.platform.launcher.core.DefaultLauncher.execute(DefaultLauncher.java:181) ~[junit-platform-launcher-1.3.1.jar:1.3.1]
	at org.junit.platform.launcher.core.DefaultLauncher.execute(DefaultLauncher.java:128) ~[junit-platform-launcher-1.3.1.jar:1.3.1]
	at org.apache.maven.surefire.junitplatform.JUnitPlatformProvider.invokeAllTests(JUnitPlatformProvider.java:150) ~[surefire-junit-platform-2.22.2.jar:2.22.2]
	at org.apache.maven.surefire.junitplatform.JUnitPlatformProvider.invoke(JUnitPlatformProvider.java:124) ~[surefire-junit-platform-2.22.2.jar:2.22.2]
	at org.apache.maven.surefire.booter.ForkedBooter.invokeProviderInSameClassLoader(ForkedBooter.java:384) ~[surefire-booter-2.22.2.jar:2.22.2]
	at org.apache.maven.surefire.booter.ForkedBooter.runSuitesInProcess(ForkedBooter.java:345) ~[surefire-booter-2.22.2.jar:2.22.2]
	at org.apache.maven.surefire.booter.ForkedBooter.execute(ForkedBooter.java:126) ~[surefire-booter-2.22.2.jar:2.22.2]
	at org.apache.maven.surefire.booter.ForkedBooter.main(ForkedBooter.java:418) ~[surefire-booter-2.22.2.jar:2.22.2]
Caused by: org.springframework.beans.factory.BeanCreationException: Error creating bean with name 'personRepository': Cannot resolve reference to bean 'databaseClient' while setting bean property 'databaseClient'; nested exception is org.springframework.beans.factory.UnsatisfiedDependencyException: Error creating bean with name 'org.springframework.boot.autoconfigure.data.r2dbc.R2dbcDataAutoConfiguration': Unsatisfied dependency expressed through constructor parameter 0; nested exception is org.springframework.beans.factory.BeanCreationException: Error creating bean with name 'connectionFactory' defined in class path resource [org/springframework/boot/autoconfigure/r2dbc/ConnectionFactoryConfiguration$ConnectionPoolConnectionFactoryConfiguration.class]: Bean instantiation via factory method failed; nested exception is org.springframework.beans.BeanInstantiationException: Failed to instantiate [io.r2dbc.pool.ConnectionPool]: Factory method 'connectionFactory' threw exception; nested exception is java.lang.AbstractMethodError: Receiver class io.r2dbc.postgresql.PostgresqlConnectionFactoryProvider does not define or inherit an implementation of the resolved method 'abstract java.lang.String getDriver()' of interface io.r2dbc.spi.ConnectionFactoryProvider.
	at org.springframework.beans.factory.support.BeanDefinitionValueResolver.resolveReference(BeanDefinitionValueResolver.java:342) ~[spring-beans-5.2.1.RELEASE.jar:5.2.1.RELEASE]
	at org.springframework.beans.factory.support.BeanDefinitionValueResolver.resolveValueIfNecessary(BeanDefinitionValueResolver.java:113) ~[spring-beans-5.2.1.RELEASE.jar:5.2.1.RELEASE]
	at org.springframework.beans.factory.support.AbstractAutowireCapableBeanFactory.applyPropertyValues(AbstractAutowireCapableBeanFactory.java:1706) ~[spring-beans-5.2.1.RELEASE.jar:5.2.1.RELEASE]
	at org.springframework.beans.factory.support.AbstractAutowireCapableBeanFactory.populateBean(AbstractAutowireCapableBeanFactory.java:1451) ~[spring-beans-5.2.1.RELEASE.jar:5.2.1.RELEASE]
	at org.springframework.beans.factory.support.AbstractAutowireCapableBeanFactory.doCreateBean(AbstractAutowireCapableBeanFactory.java:594) ~[spring-beans-5.2.1.RELEASE.jar:5.2.1.RELEASE]
	at org.springframework.beans.factory.support.AbstractAutowireCapableBeanFactory.createBean(AbstractAutowireCapableBeanFactory.java:517) ~[spring-beans-5.2.1.RELEASE.jar:5.2.1.RELEASE]
	at org.springframework.beans.factory.support.AbstractBeanFactory.lambda$doGetBean$0(AbstractBeanFactory.java:323) ~[spring-beans-5.2.1.RELEASE.jar:5.2.1.RELEASE]
	at org.springframework.beans.factory.support.DefaultSingletonBeanRegistry.getSingleton(DefaultSingletonBeanRegistry.java:222) ~[spring-beans-5.2.1.RELEASE.jar:5.2.1.RELEASE]
	at org.springframework.beans.factory.support.AbstractBeanFactory.doGetBean(AbstractBeanFactory.java:321) ~[spring-beans-5.2.1.RELEASE.jar:5.2.1.RELEASE]
	at org.springframework.beans.factory.support.AbstractBeanFactory.getBean(AbstractBeanFactory.java:202) ~[spring-beans-5.2.1.RELEASE.jar:5.2.1.RELEASE]
	at org.springframework.beans.factory.config.DependencyDescriptor.resolveCandidate(DependencyDescriptor.java:276) ~[spring-beans-5.2.1.RELEASE.jar:5.2.1.RELEASE]
	at org.springframework.beans.factory.support.DefaultListableBeanFactory.doResolveDependency(DefaultListableBeanFactory.java:1287) ~[spring-beans-5.2.1.RELEASE.jar:5.2.1.RELEASE]
	at org.springframework.beans.factory.support.DefaultListableBeanFactory.resolveDependency(DefaultListableBeanFactory.java:1207) ~[spring-beans-5.2.1.RELEASE.jar:5.2.1.RELEASE]
	at org.springframework.beans.factory.support.ConstructorResolver.resolveAutowiredArgument(ConstructorResolver.java:874) ~[spring-beans-5.2.1.RELEASE.jar:5.2.1.RELEASE]
	at org.springframework.beans.factory.support.ConstructorResolver.createArgumentArray(ConstructorResolver.java:778) ~[spring-beans-5.2.1.RELEASE.jar:5.2.1.RELEASE]
	... 83 common frames omitted
Caused by: org.springframework.beans.factory.UnsatisfiedDependencyException: Error creating bean with name 'org.springframework.boot.autoconfigure.data.r2dbc.R2dbcDataAutoConfiguration': Unsatisfied dependency expressed through constructor parameter 0; nested exception is org.springframework.beans.factory.BeanCreationException: Error creating bean with name 'connectionFactory' defined in class path resource [org/springframework/boot/autoconfigure/r2dbc/ConnectionFactoryConfiguration$ConnectionPoolConnectionFactoryConfiguration.class]: Bean instantiation via factory method failed; nested exception is org.springframework.beans.BeanInstantiationException: Failed to instantiate [io.r2dbc.pool.ConnectionPool]: Factory method 'connectionFactory' threw exception; nested exception is java.lang.AbstractMethodError: Receiver class io.r2dbc.postgresql.PostgresqlConnectionFactoryProvider does not define or inherit an implementation of the resolved method 'abstract java.lang.String getDriver()' of interface io.r2dbc.spi.ConnectionFactoryProvider.
	at org.springframework.beans.factory.support.ConstructorResolver.createArgumentArray(ConstructorResolver.java:787) ~[spring-beans-5.2.1.RELEASE.jar:5.2.1.RELEASE]
	at org.springframework.beans.factory.support.ConstructorResolver.autowireConstructor(ConstructorResolver.java:226) ~[spring-beans-5.2.1.RELEASE.jar:5.2.1.RELEASE]
	at org.springframework.beans.factory.support.AbstractAutowireCapableBeanFactory.autowireConstructor(AbstractAutowireCapableBeanFactory.java:1358) ~[spring-beans-5.2.1.RELEASE.jar:5.2.1.RELEASE]
	at org.springframework.beans.factory.support.AbstractAutowireCapableBeanFactory.createBeanInstance(AbstractAutowireCapableBeanFactory.java:1204) ~[spring-beans-5.2.1.RELEASE.jar:5.2.1.RELEASE]
	at org.springframework.beans.factory.support.AbstractAutowireCapableBeanFactory.doCreateBean(AbstractAutowireCapableBeanFactory.java:557) ~[spring-beans-5.2.1.RELEASE.jar:5.2.1.RELEASE]
	at org.springframework.beans.factory.support.AbstractAutowireCapableBeanFactory.createBean(AbstractAutowireCapableBeanFactory.java:517) ~[spring-beans-5.2.1.RELEASE.jar:5.2.1.RELEASE]
	at org.springframework.beans.factory.support.AbstractBeanFactory.lambda$doGetBean$0(AbstractBeanFactory.java:323) ~[spring-beans-5.2.1.RELEASE.jar:5.2.1.RELEASE]
	at org.springframework.beans.factory.support.DefaultSingletonBeanRegistry.getSingleton(DefaultSingletonBeanRegistry.java:222) ~[spring-beans-5.2.1.RELEASE.jar:5.2.1.RELEASE]
	at org.springframework.beans.factory.support.AbstractBeanFactory.doGetBean(AbstractBeanFactory.java:321) ~[spring-beans-5.2.1.RELEASE.jar:5.2.1.RELEASE]
	at org.springframework.beans.factory.support.AbstractBeanFactory.getBean(AbstractBeanFactory.java:202) ~[spring-beans-5.2.1.RELEASE.jar:5.2.1.RELEASE]
	at org.springframework.beans.factory.support.ConstructorResolver.instantiateUsingFactoryMethod(ConstructorResolver.java:400) ~[spring-beans-5.2.1.RELEASE.jar:5.2.1.RELEASE]
	at org.springframework.beans.factory.support.AbstractAutowireCapableBeanFactory.instantiateUsingFactoryMethod(AbstractAutowireCapableBeanFactory.java:1338) ~[spring-beans-5.2.1.RELEASE.jar:5.2.1.RELEASE]
	at org.springframework.beans.factory.support.AbstractAutowireCapableBeanFactory.createBeanInstance(AbstractAutowireCapableBeanFactory.java:1177) ~[spring-beans-5.2.1.RELEASE.jar:5.2.1.RELEASE]
	at org.springframework.beans.factory.support.AbstractAutowireCapableBeanFactory.doCreateBean(AbstractAutowireCapableBeanFactory.java:557) ~[spring-beans-5.2.1.RELEASE.jar:5.2.1.RELEASE]
	at org.springframework.beans.factory.support.AbstractAutowireCapableBeanFactory.createBean(AbstractAutowireCapableBeanFactory.java:517) ~[spring-beans-5.2.1.RELEASE.jar:5.2.1.RELEASE]
	at org.springframework.beans.factory.support.AbstractBeanFactory.lambda$doGetBean$0(AbstractBeanFactory.java:323) ~[spring-beans-5.2.1.RELEASE.jar:5.2.1.RELEASE]
	at org.springframework.beans.factory.support.DefaultSingletonBeanRegistry.getSingleton(DefaultSingletonBeanRegistry.java:222) ~[spring-beans-5.2.1.RELEASE.jar:5.2.1.RELEASE]
	at org.springframework.beans.factory.support.AbstractBeanFactory.doGetBean(AbstractBeanFactory.java:321) ~[spring-beans-5.2.1.RELEASE.jar:5.2.1.RELEASE]
	at org.springframework.beans.factory.support.AbstractBeanFactory.getBean(AbstractBeanFactory.java:202) ~[spring-beans-5.2.1.RELEASE.jar:5.2.1.RELEASE]
	at org.springframework.beans.factory.support.BeanDefinitionValueResolver.resolveReference(BeanDefinitionValueResolver.java:330) ~[spring-beans-5.2.1.RELEASE.jar:5.2.1.RELEASE]
	... 97 common frames omitted
Caused by: org.springframework.beans.factory.BeanCreationException: Error creating bean with name 'connectionFactory' defined in class path resource [org/springframework/boot/autoconfigure/r2dbc/ConnectionFactoryConfiguration$ConnectionPoolConnectionFactoryConfiguration.class]: Bean instantiation via factory method failed; nested exception is org.springframework.beans.BeanInstantiationException: Failed to instantiate [io.r2dbc.pool.ConnectionPool]: Factory method 'connectionFactory' threw exception; nested exception is java.lang.AbstractMethodError: Receiver class io.r2dbc.postgresql.PostgresqlConnectionFactoryProvider does not define or inherit an implementation of the resolved method 'abstract java.lang.String getDriver()' of interface io.r2dbc.spi.ConnectionFactoryProvider.
	at org.springframework.beans.factory.support.ConstructorResolver.instantiate(ConstructorResolver.java:645) ~[spring-beans-5.2.1.RELEASE.jar:5.2.1.RELEASE]
	at org.springframework.beans.factory.support.ConstructorResolver.instantiateUsingFactoryMethod(ConstructorResolver.java:625) ~[spring-beans-5.2.1.RELEASE.jar:5.2.1.RELEASE]
	at org.springframework.beans.factory.support.AbstractAutowireCapableBeanFactory.instantiateUsingFactoryMethod(AbstractAutowireCapableBeanFactory.java:1338) ~[spring-beans-5.2.1.RELEASE.jar:5.2.1.RELEASE]
	at org.springframework.beans.factory.support.AbstractAutowireCapableBeanFactory.createBeanInstance(AbstractAutowireCapableBeanFactory.java:1177) ~[spring-beans-5.2.1.RELEASE.jar:5.2.1.RELEASE]
	at org.springframework.beans.factory.support.AbstractAutowireCapableBeanFactory.doCreateBean(AbstractAutowireCapableBeanFactory.java:557) ~[spring-beans-5.2.1.RELEASE.jar:5.2.1.RELEASE]
	at org.springframework.beans.factory.support.AbstractAutowireCapableBeanFactory.createBean(AbstractAutowireCapableBeanFactory.java:517) ~[spring-beans-5.2.1.RELEASE.jar:5.2.1.RELEASE]
	at org.springframework.beans.factory.support.AbstractBeanFactory.lambda$doGetBean$0(AbstractBeanFactory.java:323) ~[spring-beans-5.2.1.RELEASE.jar:5.2.1.RELEASE]
	at org.springframework.beans.factory.support.DefaultSingletonBeanRegistry.getSingleton(DefaultSingletonBeanRegistry.java:222) ~[spring-beans-5.2.1.RELEASE.jar:5.2.1.RELEASE]
	at org.springframework.beans.factory.support.AbstractBeanFactory.doGetBean(AbstractBeanFactory.java:321) ~[spring-beans-5.2.1.RELEASE.jar:5.2.1.RELEASE]
	at org.springframework.beans.factory.support.AbstractBeanFactory.getBean(AbstractBeanFactory.java:202) ~[spring-beans-5.2.1.RELEASE.jar:5.2.1.RELEASE]
	at org.springframework.beans.factory.config.DependencyDescriptor.resolveCandidate(DependencyDescriptor.java:276) ~[spring-beans-5.2.1.RELEASE.jar:5.2.1.RELEASE]
	at org.springframework.beans.factory.support.DefaultListableBeanFactory.doResolveDependency(DefaultListableBeanFactory.java:1287) ~[spring-beans-5.2.1.RELEASE.jar:5.2.1.RELEASE]
	at org.springframework.beans.factory.support.DefaultListableBeanFactory.resolveDependency(DefaultListableBeanFactory.java:1207) ~[spring-beans-5.2.1.RELEASE.jar:5.2.1.RELEASE]
	at org.springframework.beans.factory.support.ConstructorResolver.resolveAutowiredArgument(ConstructorResolver.java:874) ~[spring-beans-5.2.1.RELEASE.jar:5.2.1.RELEASE]
	at org.springframework.beans.factory.support.ConstructorResolver.createArgumentArray(ConstructorResolver.java:778) ~[spring-beans-5.2.1.RELEASE.jar:5.2.1.RELEASE]
	... 116 common frames omitted
Caused by: org.springframework.beans.BeanInstantiationException: Failed to instantiate [io.r2dbc.pool.ConnectionPool]: Factory method 'connectionFactory' threw exception; nested exception is java.lang.AbstractMethodError: Receiver class io.r2dbc.postgresql.PostgresqlConnectionFactoryProvider does not define or inherit an implementation of the resolved method 'abstract java.lang.String getDriver()' of interface io.r2dbc.spi.ConnectionFactoryProvider.
	at org.springframework.beans.factory.support.SimpleInstantiationStrategy.instantiate(SimpleInstantiationStrategy.java:185) ~[spring-beans-5.2.1.RELEASE.jar:5.2.1.RELEASE]
	at org.springframework.beans.factory.support.ConstructorResolver.instantiate(ConstructorResolver.java:640) ~[spring-beans-5.2.1.RELEASE.jar:5.2.1.RELEASE]
	... 130 common frames omitted
Caused by: java.lang.AbstractMethodError: Receiver class io.r2dbc.postgresql.PostgresqlConnectionFactoryProvider does not define or inherit an implementation of the resolved method 'abstract java.lang.String getDriver()' of interface io.r2dbc.spi.ConnectionFactoryProvider.
	at io.r2dbc.spi.ConnectionFactories.getAvailableDrivers(ConnectionFactories.java:109) ~[r2dbc-spi-0.8.0.RC2.jar:0.8.0.RC2]
	at io.r2dbc.spi.ConnectionFactories.get(ConnectionFactories.java:77) ~[r2dbc-spi-0.8.0.RC2.jar:0.8.0.RC2]
	at org.springframework.boot.autoconfigure.r2dbc.ConnectionFactoryBuilder.build(ConnectionFactoryBuilder.java:112) ~[spring-boot-autoconfigure-r2dbc-0.1.0.M2.jar:na]
	at org.springframework.boot.autoconfigure.r2dbc.ConnectionFactoryConfiguration$ConnectionPoolConnectionFactoryConfiguration.connectionFactory(ConnectionFactoryConfiguration.java:44) ~[spring-boot-autoconfigure-r2dbc-0.1.0.M2.jar:na]
	at org.springframework.boot.autoconfigure.r2dbc.ConnectionFactoryConfiguration$ConnectionPoolConnectionFactoryConfiguration$$EnhancerBySpringCGLIB$$f00eb2e5.CGLIB$connectionFactory$0(<generated>) ~[spring-boot-autoconfigure-r2dbc-0.1.0.M2.jar:na]
	at org.springframework.boot.autoconfigure.r2dbc.ConnectionFactoryConfiguration$ConnectionPoolConnectionFactoryConfiguration$$EnhancerBySpringCGLIB$$f00eb2e5$$FastClassBySpringCGLIB$$2bebc94f.invoke(<generated>) ~[spring-boot-autoconfigure-r2dbc-0.1.0.M2.jar:na]
	at org.springframework.cglib.proxy.MethodProxy.invokeSuper(MethodProxy.java:244) ~[spring-core-5.2.1.RELEASE.jar:5.2.1.RELEASE]
[...]
	at org.springframework.beans.factory.support.ConstructorResolver.createArgumentArray(ConstructorResolver.java:787) ~[spring-beans-5.2.1.RELEASE.jar:5.2.1.RELEASE]
	at org.springframework.beans.factory.support.ConstructorResolver.autowireConstructor(ConstructorResolver.java:226) ~[spring-beans-5.2.1.RELEASE.jar:5.2.1.RELEASE]
	at org.springframework.beans.factory.support.AbstractAutowireCapableBeanFactory.autowireConstructor(AbstractAutowireCapableBeanFactory.java:1358) ~[spring-beans-5.2.1.RELEASE.jar:5.2.1.RELEASE]
	at org.springframework.beans.factory.support.AbstractAutowireCapableBeanFactory.createBeanInstance(AbstractAutowireCapableBeanFactory.java:1204) ~[spring-beans-5.2.1.RELEASE.jar:5.2.1.RELEASE]
	at org.springframework.beans.factory.support.AbstractAutowireCapableBeanFactory.doCreateBean(AbstractAutowireCapableBeanFactory.java:557) ~[spring-beans-5.2.1.RELEASE.jar:5.2.1.RELEASE]
	at org.springframework.beans.factory.support.AbstractAutowireCapableBeanFactory.createBean(AbstractAutowireCapableBeanFactory.java:517) ~[spring-beans-5.2.1.RELEASE.jar:5.2.1.RELEASE]
	at org.springframework.beans.factory.support.AbstractBeanFactory.lambda$doGetBean$0(AbstractBeanFactory.java:323) ~[spring-beans-5.2.1.RELEASE.jar:5.2.1.RELEASE]
	at org.springframework.beans.factory.support.DefaultSingletonBeanRegistry.getSingleton(DefaultSingletonBeanRegistry.java:222) ~[spring-beans-5.2.1.RELEASE.jar:5.2.1.RELEASE]
	at org.springframework.beans.factory.support.AbstractBeanFactory.doGetBean(AbstractBeanFactory.java:321) ~[spring-beans-5.2.1.RELEASE.jar:5.2.1.RELEASE]
	at org.springframework.beans.factory.support.AbstractBeanFactory.getBean(AbstractBeanFactory.java:202) ~[spring-beans-5.2.1.RELEASE.jar:5.2.1.RELEASE]
	at org.springframework.beans.factory.support.DefaultListableBeanFactory.preInstantiateSingletons(DefaultListableBeanFactory.java:879) ~[spring-beans-5.2.1.RELEASE.jar:5.2.1.RELEASE]
	at org.springframework.context.support.AbstractApplicationContext.finishBeanFactoryInitialization(AbstractApplicationContext.java:878) ~[spring-context-5.2.1.RELEASE.jar:5.2.1.RELEASE]
	at org.springframework.context.support.AbstractApplicationContext.refresh(AbstractApplicationContext.java:550) ~[spring-context-5.2.1.RELEASE.jar:5.2.1.RELEASE]
	at org.springframework.boot.SpringApplication.refresh(SpringApplication.java:747) ~[spring-boot-2.2.1.RELEASE.jar:2.2.1.RELEASE]
	at org.springframework.boot.SpringApplication.refreshContext(SpringApplication.java:397) ~[spring-boot-2.2.1.RELEASE.jar:2.2.1.RELEASE]
	at org.springframework.boot.SpringApplication.run(SpringApplication.java:315) ~[spring-boot-2.2.1.RELEASE.jar:2.2.1.RELEASE]
	at org.springframework.boot.test.context.SpringBootContextLoader.loadContext(SpringBootContextLoader.java:125) ~[spring-boot-test-2.2.1.RELEASE.jar:2.2.1.RELEASE]
	at org.springframework.test.context.cache.DefaultCacheAwareContextLoaderDelegate.loadContextInternal(DefaultCacheAwareContextLoaderDelegate.java:99) ~[spring-test-5.2.1.RELEASE.jar:5.2.1.RELEASE]
	at org.springframework.test.context.cache.DefaultCacheAwareContextLoaderDelegate.loadContext(DefaultCacheAwareContextLoaderDelegate.java:124) ~[spring-test-5.2.1.RELEASE.jar:5.2.1.RELEASE]
	... 66 common frames omitted
Caused by: org.springframework.beans.factory.BeanCreationException: Error creating bean with name 'personRepository': Cannot resolve reference to bean 'databaseClient' while setting bean property 'databaseClient'; nested exception is org.springframework.beans.factory.UnsatisfiedDependencyException: Error creating bean with name 'org.springframework.boot.autoconfigure.data.r2dbc.R2dbcDataAutoConfiguration': Unsatisfied dependency expressed through constructor parameter 0; nested exception is org.springframework.beans.factory.BeanCreationException: Error creating bean with name 'connectionFactory' defined in class path resource [org/springframework/boot/autoconfigure/r2dbc/ConnectionFactoryConfiguration$ConnectionPoolConnectionFactoryConfiguration.class]: Bean instantiation via factory method failed; nested exception is org.springframework.beans.BeanInstantiationException: Failed to instantiate [io.r2dbc.pool.ConnectionPool]: Factory method 'connectionFactory' threw exception; nested exception is java.lang.AbstractMethodError: Receiver class io.r2dbc.postgresql.PostgresqlConnectionFactoryProvider does not define or inherit an implementation of the resolved method 'abstract java.lang.String getDriver()' of interface io.r2dbc.spi.ConnectionFactoryProvider.
	at org.springframework.beans.factory.support.BeanDefinitionValueResolver.resolveReference(BeanDefinitionValueResolver.java:342) ~[spring-beans-5.2.1.RELEASE.jar:5.2.1.RELEASE]
	at org.springframework.beans.factory.support.BeanDefinitionValueResolver.resolveValueIfNecessary(BeanDefinitionValueResolver.java:113) ~[spring-beans-5.2.1.RELEASE.jar:5.2.1.RELEASE]
	at org.springframework.beans.factory.support.AbstractAutowireCapableBeanFactory.applyPropertyValues(AbstractAutowireCapableBeanFactory.java:1706) ~[spring-beans-5.2.1.RELEASE.jar:5.2.1.RELEASE]
	at org.springframework.beans.factory.support.AbstractAutowireCapableBeanFactory.populateBean(AbstractAutowireCapableBeanFactory.java:1451) ~[spring-beans-5.2.1.RELEASE.jar:5.2.1.RELEASE]
	at org.springframework.beans.factory.support.AbstractAutowireCapableBeanFactory.doCreateBean(AbstractAutowireCapableBeanFactory.java:594) ~[spring-beans-5.2.1.RELEASE.jar:5.2.1.RELEASE]
	at org.springframework.beans.factory.support.AbstractAutowireCapableBeanFactory.createBean(AbstractAutowireCapableBeanFactory.java:517) ~[spring-beans-5.2.1.RELEASE.jar:5.2.1.RELEASE]
	at org.springframework.beans.factory.support.AbstractBeanFactory.lambda$doGetBean$0(AbstractBeanFactory.java:323) ~[spring-beans-5.2.1.RELEASE.jar:5.2.1.RELEASE]
	at org.springframework.beans.factory.support.DefaultSingletonBeanRegistry.getSingleton(DefaultSingletonBeanRegistry.java:222) ~[spring-beans-5.2.1.RELEASE.jar:5.2.1.RELEASE]
	at org.springframework.beans.factory.support.AbstractBeanFactory.doGetBean(AbstractBeanFactory.java:321) ~[spring-beans-5.2.1.RELEASE.jar:5.2.1.RELEASE]
	at org.springframework.beans.factory.support.AbstractBeanFactory.getBean(AbstractBeanFactory.java:202) ~[spring-beans-5.2.1.RELEASE.jar:5.2.1.RELEASE]
	at org.springframework.beans.factory.config.DependencyDescriptor.resolveCandidate(DependencyDescriptor.java:276) ~[spring-beans-5.2.1.RELEASE.jar:5.2.1.RELEASE]
	at org.springframework.beans.factory.support.DefaultListableBeanFactory.doResolveDependency(DefaultListableBeanFactory.java:1287) ~[spring-beans-5.2.1.RELEASE.jar:5.2.1.RELEASE]
	at org.springframework.beans.factory.support.DefaultListableBeanFactory.resolveDependency(DefaultListableBeanFactory.java:1207) ~[spring-beans-5.2.1.RELEASE.jar:5.2.1.RELEASE]
	at org.springframework.beans.factory.support.ConstructorResolver.resolveAutowiredArgument(ConstructorResolver.java:874) ~[spring-beans-5.2.1.RELEASE.jar:5.2.1.RELEASE]
	at org.springframework.beans.factory.support.ConstructorResolver.createArgumentArray(ConstructorResolver.java:778) ~[spring-beans-5.2.1.RELEASE.jar:5.2.1.RELEASE]
	... 84 common frames omitted
Caused by: org.springframework.beans.factory.UnsatisfiedDependencyException: Error creating bean with name 'org.springframework.boot.autoconfigure.data.r2dbc.R2dbcDataAutoConfiguration': Unsatisfied dependency expressed through constructor parameter 0; nested exception is org.springframework.beans.factory.BeanCreationException: Error creating bean with name 'connectionFactory' defined in class path resource [org/springframework/boot/autoconfigure/r2dbc/ConnectionFactoryConfiguration$ConnectionPoolConnectionFactoryConfiguration.class]: Bean instantiation via factory method failed; nested exception is org.springframework.beans.BeanInstantiationException: Failed to instantiate [io.r2dbc.pool.ConnectionPool]: Factory method 'connectionFactory' threw exception; nested exception is java.lang.AbstractMethodError: Receiver class io.r2dbc.postgresql.PostgresqlConnectionFactoryProvider does not define or inherit an implementation of the resolved method 'abstract java.lang.String getDriver()' of interface io.r2dbc.spi.ConnectionFactoryProvider.
	at org.springframework.beans.factory.support.ConstructorResolver.createArgumentArray(ConstructorResolver.java:787) ~[spring-beans-5.2.1.RELEASE.jar:5.2.1.RELEASE]
	at org.springframework.beans.factory.support.ConstructorResolver.autowireConstructor(ConstructorResolver.java:226) ~[spring-beans-5.2.1.RELEASE.jar:5.2.1.RELEASE]
	at org.springframework.beans.factory.support.AbstractAutowireCapableBeanFactory.autowireConstructor(AbstractAutowireCapableBeanFactory.java:1358) ~[spring-beans-5.2.1.RELEASE.jar:5.2.1.RELEASE]
	at org.springframework.beans.factory.support.AbstractAutowireCapableBeanFactory.createBeanInstance(AbstractAutowireCapableBeanFactory.java:1204) ~[spring-beans-5.2.1.RELEASE.jar:5.2.1.RELEASE]
	at org.springframework.beans.factory.support.AbstractAutowireCapableBeanFactory.doCreateBean(AbstractAutowireCapableBeanFactory.java:557) ~[spring-beans-5.2.1.RELEASE.jar:5.2.1.RELEASE]
	at org.springframework.beans.factory.support.AbstractAutowireCapableBeanFactory.createBean(AbstractAutowireCapableBeanFactory.java:517) ~[spring-beans-5.2.1.RELEASE.jar:5.2.1.RELEASE]
	at org.springframework.beans.factory.support.AbstractBeanFactory.lambda$doGetBean$0(AbstractBeanFactory.java:323) ~[spring-beans-5.2.1.RELEASE.jar:5.2.1.RELEASE]
	at org.springframework.beans.factory.support.DefaultSingletonBeanRegistry.getSingleton(DefaultSingletonBeanRegistry.java:222) ~[spring-beans-5.2.1.RELEASE.jar:5.2.1.RELEASE]
	at org.springframework.beans.factory.support.AbstractBeanFactory.doGetBean(AbstractBeanFactory.java:321) ~[spring-beans-5.2.1.RELEASE.jar:5.2.1.RELEASE]
	at org.springframework.beans.factory.support.AbstractBeanFactory.getBean(AbstractBeanFactory.java:202) ~[spring-beans-5.2.1.RELEASE.jar:5.2.1.RELEASE]
	at org.springframework.beans.factory.support.ConstructorResolver.instantiateUsingFactoryMethod(ConstructorResolver.java:400) ~[spring-beans-5.2.1.RELEASE.jar:5.2.1.RELEASE]
	at org.springframework.beans.factory.support.AbstractAutowireCapableBeanFactory.instantiateUsingFactoryMethod(AbstractAutowireCapableBeanFactory.java:1338) ~[spring-beans-5.2.1.RELEASE.jar:5.2.1.RELEASE]
	at org.springframework.beans.factory.support.AbstractAutowireCapableBeanFactory.createBeanInstance(AbstractAutowireCapableBeanFactory.java:1177) ~[spring-beans-5.2.1.RELEASE.jar:5.2.1.RELEASE]
	at org.springframework.beans.factory.support.AbstractAutowireCapableBeanFactory.doCreateBean(AbstractAutowireCapableBeanFactory.java:557) ~[spring-beans-5.2.1.RELEASE.jar:5.2.1.RELEASE]
	at org.springframework.beans.factory.support.AbstractAutowireCapableBeanFactory.createBean(AbstractAutowireCapableBeanFactory.java:517) ~[spring-beans-5.2.1.RELEASE.jar:5.2.1.RELEASE]
	at org.springframework.beans.factory.support.AbstractBeanFactory.lambda$doGetBean$0(AbstractBeanFactory.java:323) ~[spring-beans-5.2.1.RELEASE.jar:5.2.1.RELEASE]
	at org.springframework.beans.factory.support.DefaultSingletonBeanRegistry.getSingleton(DefaultSingletonBeanRegistry.java:222) ~[spring-beans-5.2.1.RELEASE.jar:5.2.1.RELEASE]
	at org.springframework.beans.factory.support.AbstractBeanFactory.doGetBean(AbstractBeanFactory.java:321) ~[spring-beans-5.2.1.RELEASE.jar:5.2.1.RELEASE]
	at org.springframework.beans.factory.support.AbstractBeanFactory.getBean(AbstractBeanFactory.java:202) ~[spring-beans-5.2.1.RELEASE.jar:5.2.1.RELEASE]
	at org.springframework.beans.factory.support.BeanDefinitionValueResolver.resolveReference(BeanDefinitionValueResolver.java:330) ~[spring-beans-5.2.1.RELEASE.jar:5.2.1.RELEASE]
	... 98 common frames omitted
Caused by: org.springframework.beans.factory.BeanCreationException: Error creating bean with name 'connectionFactory' defined in class path resource [org/springframework/boot/autoconfigure/r2dbc/ConnectionFactoryConfiguration$ConnectionPoolConnectionFactoryConfiguration.class]: Bean instantiation via factory method failed; nested exception is org.springframework.beans.BeanInstantiationException: Failed to instantiate [io.r2dbc.pool.ConnectionPool]: Factory method 'connectionFactory' threw exception; nested exception is java.lang.AbstractMethodError: Receiver class io.r2dbc.postgresql.PostgresqlConnectionFactoryProvider does not define or inherit an implementation of the resolved method 'abstract java.lang.String getDriver()' of interface io.r2dbc.spi.ConnectionFactoryProvider.
	at org.springframework.beans.factory.support.ConstructorResolver.instantiate(ConstructorResolver.java:645) ~[spring-beans-5.2.1.RELEASE.jar:5.2.1.RELEASE]
	at org.springframework.beans.factory.support.ConstructorResolver.instantiateUsingFactoryMethod(ConstructorResolver.java:625) ~[spring-beans-5.2.1.RELEASE.jar:5.2.1.RELEASE]
	at org.springframework.beans.factory.support.AbstractAutowireCapableBeanFactory.instantiateUsingFactoryMethod(AbstractAutowireCapableBeanFactory.java:1338) ~[spring-beans-5.2.1.RELEASE.jar:5.2.1.RELEASE]
	at org.springframework.beans.factory.support.AbstractAutowireCapableBeanFactory.createBeanInstance(AbstractAutowireCapableBeanFactory.java:1177) ~[spring-beans-5.2.1.RELEASE.jar:5.2.1.RELEASE]
	at org.springframework.beans.factory.support.AbstractAutowireCapableBeanFactory.doCreateBean(AbstractAutowireCapableBeanFactory.java:557) ~[spring-beans-5.2.1.RELEASE.jar:5.2.1.RELEASE]
	at org.springframework.beans.factory.support.AbstractAutowireCapableBeanFactory.createBean(AbstractAutowireCapableBeanFactory.java:517) ~[spring-beans-5.2.1.RELEASE.jar:5.2.1.RELEASE]
	at org.springframework.beans.factory.support.AbstractBeanFactory.lambda$doGetBean$0(AbstractBeanFactory.java:323) ~[spring-beans-5.2.1.RELEASE.jar:5.2.1.RELEASE]
	at org.springframework.beans.factory.support.DefaultSingletonBeanRegistry.getSingleton(DefaultSingletonBeanRegistry.java:222) ~[spring-beans-5.2.1.RELEASE.jar:5.2.1.RELEASE]
	at org.springframework.beans.factory.support.AbstractBeanFactory.doGetBean(AbstractBeanFactory.java:321) ~[spring-beans-5.2.1.RELEASE.jar:5.2.1.RELEASE]
	at org.springframework.beans.factory.support.AbstractBeanFactory.getBean(AbstractBeanFactory.java:202) ~[spring-beans-5.2.1.RELEASE.jar:5.2.1.RELEASE]
	at org.springframework.beans.factory.config.DependencyDescriptor.resolveCandidate(DependencyDescriptor.java:276) ~[spring-beans-5.2.1.RELEASE.jar:5.2.1.RELEASE]
	at org.springframework.beans.factory.support.DefaultListableBeanFactory.doResolveDependency(DefaultListableBeanFactory.java:1287) ~[spring-beans-5.2.1.RELEASE.jar:5.2.1.RELEASE]
	at org.springframework.beans.factory.support.DefaultListableBeanFactory.resolveDependency(DefaultListableBeanFactory.java:1207) ~[spring-beans-5.2.1.RELEASE.jar:5.2.1.RELEASE]
	at org.springframework.beans.factory.support.ConstructorResolver.resolveAutowiredArgument(ConstructorResolver.java:874) ~[spring-beans-5.2.1.RELEASE.jar:5.2.1.RELEASE]
	at org.springframework.beans.factory.support.ConstructorResolver.createArgumentArray(ConstructorResolver.java:778) ~[spring-beans-5.2.1.RELEASE.jar:5.2.1.RELEASE]
	... 117 common frames omitted
Caused by: org.springframework.beans.BeanInstantiationException: Failed to instantiate [io.r2dbc.pool.ConnectionPool]: Factory method 'connectionFactory' threw exception; nested exception is java.lang.AbstractMethodError: Receiver class io.r2dbc.postgresql.PostgresqlConnectionFactoryProvider does not define or inherit an implementation of the resolved method 'abstract java.lang.String getDriver()' of interface io.r2dbc.spi.ConnectionFactoryProvider.
	at org.springframework.beans.factory.support.SimpleInstantiationStrategy.instantiate(SimpleInstantiationStrategy.java:185) ~[spring-beans-5.2.1.RELEASE.jar:5.2.1.RELEASE]
	at org.springframework.beans.factory.support.ConstructorResolver.instantiate(ConstructorResolver.java:640) ~[spring-beans-5.2.1.RELEASE.jar:5.2.1.RELEASE]
	... 131 common frames omitted
Caused by: java.lang.AbstractMethodError: Receiver class io.r2dbc.postgresql.PostgresqlConnectionFactoryProvider does not define or inherit an implementation of the resolved method 'abstract java.lang.String getDriver()' of interface io.r2dbc.spi.ConnectionFactoryProvider.
	at io.r2dbc.spi.ConnectionFactories.getAvailableDrivers(ConnectionFactories.java:109) ~[r2dbc-spi-0.8.0.RC2.jar:0.8.0.RC2]
	at io.r2dbc.spi.ConnectionFactories.get(ConnectionFactories.java:77) ~[r2dbc-spi-0.8.0.RC2.jar:0.8.0.RC2]
	at org.springframework.boot.autoconfigure.r2dbc.ConnectionFactoryBuilder.build(ConnectionFactoryBuilder.java:112) ~[spring-boot-autoconfigure-r2dbc-0.1.0.M2.jar:na]
	at org.springframework.boot.autoconfigure.r2dbc.ConnectionFactoryConfiguration$ConnectionPoolConnectionFactoryConfiguration.connectionFactory(ConnectionFactoryConfiguration.java:44) ~[spring-boot-autoconfigure-r2dbc-0.1.0.M2.jar:na]
	at org.springframework.boot.autoconfigure.r2dbc.ConnectionFactoryConfiguration$ConnectionPoolConnectionFactoryConfiguration$$EnhancerBySpringCGLIB$$f00eb2e5.CGLIB$connectionFactory$0(<generated>) ~[spring-boot-autoconfigure-r2dbc-0.1.0.M2.jar:na]
	at org.springframework.boot.autoconfigure.r2dbc.ConnectionFactoryConfiguration$ConnectionPoolConnectionFactoryConfiguration$$EnhancerBySpringCGLIB$$f00eb2e5$$FastClassBySpringCGLIB$$2bebc94f.invoke(<generated>) ~[spring-boot-autoconfigure-r2dbc-0.1.0.M2.jar:na]
	at org.springframework.cglib.proxy.MethodProxy.invokeSuper(MethodProxy.java:244) ~[spring-core-5.2.1.RELEASE.jar:5.2.1.RELEASE]
	at org.springframework.context.annotation.ConfigurationClassEnhancer$BeanMethodInterceptor.intercept(ConfigurationClassEnhancer.java:363) ~[spring-context-5.2.1.RELEASE.jar:5.2.1.RELEASE]
	at org.springframework.boot.autoconfigure.r2dbc.ConnectionFactoryConfiguration$ConnectionPoolConnectionFactoryConfiguration$$EnhancerBySpringCGLIB$$f00eb2e5.connectionFactory(<generated>) ~[spring-boot-autoconfigure-r2dbc-0.1.0.M2.jar:na]
	at java.base/jdk.internal.reflect.NativeMethodAccessorImpl.invoke0(Native Method) ~[na:na]
	at java.base/jdk.internal.reflect.NativeMethodAccessorImpl.invoke(NativeMethodAccessorImpl.java:62) ~[na:na]
	at java.base/jdk.internal.reflect.DelegatingMethodAccessorImpl.invoke(DelegatingMethodAccessorImpl.java:43) ~[na:na]
	at java.base/java.lang.reflect.Method.invoke(Method.java:566) ~[na:na]
	at org.springframework.beans.factory.support.SimpleInstantiationStrategy.instantiate(SimpleInstantiationStrategy.java:154) ~[spring-beans-5.2.1.RELEASE.jar:5.2.1.RELEASE]
	... 132 common frames omitted

]]></system-out>
  </testcase>
</testsuite>